<?xml version="1.0" encoding="UTF-8"?>
<!-- Generated by org.testng.reporters.JUnitXMLReporter -->
<testsuite ignored="0" hostname="PSDLAP385" failures="0" tests="107" name="Test" time="11.017" errors="0" timestamp="2024-12-20T15:55:52 IST">
  <testcase classname="helper.BaseTest" name="@BeforeMethod setup" time="3.81">
    <failure type="java.lang.NullPointerException">
      <![CDATA[java.lang.NullPointerException
at java.base/java.util.Objects.requireNonNull(Objects.java:220)
at java.base/java.util.ImmutableCollections$Map1.<init>(ImmutableCollections.java:1114)
at java.base/java.util.Map.of(Map.java:1364)
at org.openqa.selenium.remote.DriverCommand.GET(DriverCommand.java:180)
at org.openqa.selenium.remote.RemoteWebDriver.get(RemoteWebDriver.java:302)
at helper.BaseTest.setup(BaseTest.java:32)
at java.base/java.util.ArrayList.forEach(ArrayList.java:1597)
... Removed 29 stack frames]]>
    </failure>
  </testcase> <!-- @BeforeMethod setup -->
  <testcase classname="test.HomeTabTest" name="@AfterMethod afterMethod" time="-1.734690345681E9">
    <skipped/>
  </testcase> <!-- @AfterMethod afterMethod -->
  <testcase classname="helper.BaseTest" name="@BeforeMethod setup" time="-1.734690345687E9">
    <skipped/>
  </testcase> <!-- @BeforeMethod setup -->
  <testcase classname="test.HomeTabTest" name="@AfterMethod afterMethod" time="-1.73469034569E9">
    <skipped/>
  </testcase> <!-- @AfterMethod afterMethod -->
  <testcase classname="helper.BaseTest" name="@BeforeMethod setup" time="-1.734690345692E9">
    <skipped/>
  </testcase> <!-- @BeforeMethod setup -->
  <testcase classname="test.HomeTabTest" name="@AfterMethod afterMethod" time="-1.734690345695E9">
    <skipped/>
  </testcase> <!-- @AfterMethod afterMethod -->
  <testcase classname="helper.BaseTest" name="@BeforeMethod setup" time="-1.734690345696E9">
    <skipped/>
  </testcase> <!-- @BeforeMethod setup -->
  <testcase classname="test.HomeTabTest" name="@AfterMethod afterMethod" time="-1.734690345699E9">
    <skipped/>
  </testcase> <!-- @AfterMethod afterMethod -->
  <testcase classname="helper.BaseTest" name="@BeforeMethod setup" time="-1.734690345701E9">
    <skipped/>
  </testcase> <!-- @BeforeMethod setup -->
  <testcase classname="test.HomeTabTest" name="@AfterMethod afterMethod" time="-1.734690345705E9">
    <skipped/>
  </testcase> <!-- @AfterMethod afterMethod -->
  <testcase classname="helper.BaseTest" name="@BeforeMethod setup" time="-1.734690345706E9">
    <skipped/>
  </testcase> <!-- @BeforeMethod setup -->
  <testcase classname="test.HomeTabTest" name="@AfterMethod afterMethod" time="-1.734690345709E9">
    <skipped/>
  </testcase> <!-- @AfterMethod afterMethod -->
  <testcase classname="helper.BaseTest" name="@BeforeMethod setup" time="-1.73469034571E9">
    <skipped/>
  </testcase> <!-- @BeforeMethod setup -->
  <testcase classname="test.HomeTabTest" name="@AfterMethod afterMethod" time="-1.734690345712E9">
    <skipped/>
  </testcase> <!-- @AfterMethod afterMethod -->
  <testcase classname="helper.BaseTest" name="@BeforeMethod setup" time="-1.734690345713E9">
    <skipped/>
  </testcase> <!-- @BeforeMethod setup -->
  <testcase classname="test.HomeTabTest" name="@AfterMethod afterMethod" time="-1.734690345715E9">
    <skipped/>
  </testcase> <!-- @AfterMethod afterMethod -->
  <testcase classname="helper.BaseTest" name="@BeforeMethod setup" time="-1.734690345716E9">
    <skipped/>
  </testcase> <!-- @BeforeMethod setup -->
  <testcase classname="test.HomeTabTest" name="@AfterMethod afterMethod" time="-1.73469034572E9">
    <skipped/>
  </testcase> <!-- @AfterMethod afterMethod -->
  <testcase classname="helper.BaseTest" name="@BeforeMethod setup" time="-1.734690345722E9">
    <skipped/>
  </testcase> <!-- @BeforeMethod setup -->
  <testcase classname="test.HomeTabTest" name="@AfterMethod afterMethod" time="-1.734690345726E9">
    <skipped/>
  </testcase> <!-- @AfterMethod afterMethod -->
  <testcase classname="helper.BaseTest" name="@BeforeMethod setup" time="-1.734690345728E9">
    <skipped/>
  </testcase> <!-- @BeforeMethod setup -->
  <testcase classname="test.HomeTabTest" name="@AfterMethod afterMethod" time="-1.734690345733E9">
    <skipped/>
  </testcase> <!-- @AfterMethod afterMethod -->
  <testcase classname="helper.BaseTest" name="@BeforeMethod setup" time="-1.734690345735E9">
    <skipped/>
  </testcase> <!-- @BeforeMethod setup -->
  <testcase classname="test.HomeTabTest" name="@AfterMethod afterMethod" time="-1.734690345739E9">
    <skipped/>
  </testcase> <!-- @AfterMethod afterMethod -->
  <testcase classname="helper.BaseTest" name="@BeforeMethod setup" time="1.485">
    <failure type="java.lang.NullPointerException">
      <![CDATA[java.lang.NullPointerException
at java.base/java.util.Objects.requireNonNull(Objects.java:220)
at java.base/java.util.ImmutableCollections$Map1.<init>(ImmutableCollections.java:1114)
at java.base/java.util.Map.of(Map.java:1364)
at org.openqa.selenium.remote.DriverCommand.GET(DriverCommand.java:180)
at org.openqa.selenium.remote.RemoteWebDriver.get(RemoteWebDriver.java:302)
at helper.BaseTest.setup(BaseTest.java:32)
at java.base/java.util.ArrayList.forEach(ArrayList.java:1597)
... Removed 29 stack frames]]>
    </failure>
  </testcase> <!-- @BeforeMethod setup -->
  <testcase classname="test.AboutUsTabTest" name="@AfterMethod afterMethod" time="-1.73469034723E9">
    <skipped/>
  </testcase> <!-- @AfterMethod afterMethod -->
  <testcase classname="helper.BaseTest" name="@BeforeMethod setup" time="-1.734690347232E9">
    <skipped/>
  </testcase> <!-- @BeforeMethod setup -->
  <testcase classname="test.AboutUsTabTest" name="@AfterMethod afterMethod" time="-1.734690347236E9">
    <skipped/>
  </testcase> <!-- @AfterMethod afterMethod -->
  <testcase classname="helper.BaseTest" name="@BeforeMethod setup" time="-1.734690347238E9">
    <skipped/>
  </testcase> <!-- @BeforeMethod setup -->
  <testcase classname="test.AboutUsTabTest" name="@AfterMethod afterMethod" time="-1.734690347241E9">
    <skipped/>
  </testcase> <!-- @AfterMethod afterMethod -->
  <testcase classname="helper.BaseTest" name="@BeforeMethod setup" time="-1.734690347243E9">
    <skipped/>
  </testcase> <!-- @BeforeMethod setup -->
  <testcase classname="test.AboutUsTabTest" name="@AfterMethod afterMethod" time="-1.734690347245E9">
    <skipped/>
  </testcase> <!-- @AfterMethod afterMethod -->
  <testcase classname="helper.BaseTest" name="@BeforeMethod setup" time="-1.734690347246E9">
    <skipped/>
  </testcase> <!-- @BeforeMethod setup -->
  <testcase classname="test.AboutUsTabTest" name="@AfterMethod afterMethod" time="-1.73469034725E9">
    <skipped/>
  </testcase> <!-- @AfterMethod afterMethod -->
  <testcase classname="helper.BaseTest" name="@BeforeMethod setup" time="-1.734690347252E9">
    <skipped/>
  </testcase> <!-- @BeforeMethod setup -->
  <testcase classname="test.AboutUsTabTest" name="@AfterMethod afterMethod" time="-1.734690347256E9">
    <skipped/>
  </testcase> <!-- @AfterMethod afterMethod -->
  <testcase classname="helper.BaseTest" name="@BeforeMethod setup" time="-1.734690347258E9">
    <skipped/>
  </testcase> <!-- @BeforeMethod setup -->
  <testcase classname="test.AboutUsTabTest" name="@AfterMethod afterMethod" time="-1.734690347261E9">
    <skipped/>
  </testcase> <!-- @AfterMethod afterMethod -->
  <testcase classname="helper.BaseTest" name="@BeforeMethod setup" time="-1.734690347262E9">
    <skipped/>
  </testcase> <!-- @BeforeMethod setup -->
  <testcase classname="test.AboutUsTabTest" name="@AfterMethod afterMethod" time="-1.734690347265E9">
    <skipped/>
  </testcase> <!-- @AfterMethod afterMethod -->
  <testcase classname="helper.BaseTest" name="@BeforeMethod setup" time="-1.734690347267E9">
    <skipped/>
  </testcase> <!-- @BeforeMethod setup -->
  <testcase classname="test.AboutUsTabTest" name="@AfterMethod afterMethod" time="-1.73469034727E9">
    <skipped/>
  </testcase> <!-- @AfterMethod afterMethod -->
  <testcase classname="helper.BaseTest" name="@BeforeMethod setup" time="-1.734690347272E9">
    <skipped/>
  </testcase> <!-- @BeforeMethod setup -->
  <testcase classname="test.AboutUsTabTest" name="@AfterMethod afterMethod" time="-1.734690347276E9">
    <skipped/>
  </testcase> <!-- @AfterMethod afterMethod -->
  <testcase classname="helper.BaseTest" name="@BeforeMethod setup" time="-1.734690347277E9">
    <skipped/>
  </testcase> <!-- @BeforeMethod setup -->
  <testcase classname="test.AboutUsTabTest" name="@AfterMethod afterMethod" time="-1.73469034728E9">
    <skipped/>
  </testcase> <!-- @AfterMethod afterMethod -->
  <testcase classname="helper.BaseTest" name="@BeforeMethod setup" time="1.222">
    <failure type="java.lang.NullPointerException">
      <![CDATA[java.lang.NullPointerException
at java.base/java.util.Objects.requireNonNull(Objects.java:220)
at java.base/java.util.ImmutableCollections$Map1.<init>(ImmutableCollections.java:1114)
at java.base/java.util.Map.of(Map.java:1364)
at org.openqa.selenium.remote.DriverCommand.GET(DriverCommand.java:180)
at org.openqa.selenium.remote.RemoteWebDriver.get(RemoteWebDriver.java:302)
at helper.BaseTest.setup(BaseTest.java:32)
at java.base/java.util.ArrayList.forEach(ArrayList.java:1597)
... Removed 29 stack frames]]>
    </failure>
  </testcase> <!-- @BeforeMethod setup -->
  <testcase classname="test.ServicesTabTest" name="@AfterMethod afterMethod" time="-1.734690348508E9">
    <skipped/>
  </testcase> <!-- @AfterMethod afterMethod -->
  <testcase classname="helper.BaseTest" name="@BeforeMethod setup" time="-1.734690348509E9">
    <skipped/>
  </testcase> <!-- @BeforeMethod setup -->
  <testcase classname="test.ServicesTabTest" name="@AfterMethod afterMethod" time="-1.734690348511E9">
    <skipped/>
  </testcase> <!-- @AfterMethod afterMethod -->
  <testcase classname="helper.BaseTest" name="@BeforeMethod setup" time="-1.734690348512E9">
    <skipped/>
  </testcase> <!-- @BeforeMethod setup -->
  <testcase classname="test.ServicesTabTest" name="@AfterMethod afterMethod" time="-1.734690348515E9">
    <skipped/>
  </testcase> <!-- @AfterMethod afterMethod -->
  <testcase classname="helper.BaseTest" name="@BeforeMethod setup" time="-1.734690348517E9">
    <skipped/>
  </testcase> <!-- @BeforeMethod setup -->
  <testcase classname="test.ServicesTabTest" name="@AfterMethod afterMethod" time="-1.734690348519E9">
    <skipped/>
  </testcase> <!-- @AfterMethod afterMethod -->
  <testcase classname="helper.BaseTest" name="@BeforeMethod setup" time="-1.734690348519E9">
    <skipped/>
  </testcase> <!-- @BeforeMethod setup -->
  <testcase classname="test.ServicesTabTest" name="@AfterMethod afterMethod" time="-1.734690348521E9">
    <skipped/>
  </testcase> <!-- @AfterMethod afterMethod -->
  <testcase classname="helper.BaseTest" name="@BeforeMethod setup" time="-1.734690348523E9">
    <skipped/>
  </testcase> <!-- @BeforeMethod setup -->
  <testcase classname="test.ServicesTabTest" name="@AfterMethod afterMethod" time="-1.734690348526E9">
    <skipped/>
  </testcase> <!-- @AfterMethod afterMethod -->
  <testcase classname="helper.BaseTest" name="@BeforeMethod setup" time="-1.734690348527E9">
    <skipped/>
  </testcase> <!-- @BeforeMethod setup -->
  <testcase classname="test.ServicesTabTest" name="@AfterMethod afterMethod" time="-1.734690348528E9">
    <skipped/>
  </testcase> <!-- @AfterMethod afterMethod -->
  <testcase classname="helper.BaseTest" name="@BeforeMethod setup" time="-1.734690348529E9">
    <skipped/>
  </testcase> <!-- @BeforeMethod setup -->
  <testcase classname="test.ServicesTabTest" name="@AfterMethod afterMethod" time="-1.734690348532E9">
    <skipped/>
  </testcase> <!-- @AfterMethod afterMethod -->
  <testcase classname="helper.BaseTest" name="@BeforeMethod setup" time="-1.734690348533E9">
    <skipped/>
  </testcase> <!-- @BeforeMethod setup -->
  <testcase classname="test.ServicesTabTest" name="@AfterMethod afterMethod" time="-1.734690348536E9">
    <skipped/>
  </testcase> <!-- @AfterMethod afterMethod -->
  <testcase classname="helper.BaseTest" name="@BeforeMethod setup" time="1.318">
    <failure type="java.lang.NullPointerException">
      <![CDATA[java.lang.NullPointerException
at java.base/java.util.Objects.requireNonNull(Objects.java:220)
at java.base/java.util.ImmutableCollections$Map1.<init>(ImmutableCollections.java:1114)
at java.base/java.util.Map.of(Map.java:1364)
at org.openqa.selenium.remote.DriverCommand.GET(DriverCommand.java:180)
at org.openqa.selenium.remote.RemoteWebDriver.get(RemoteWebDriver.java:302)
at helper.BaseTest.setup(BaseTest.java:32)
at java.base/java.util.ArrayList.forEach(ArrayList.java:1597)
... Removed 29 stack frames]]>
    </failure>
  </testcase> <!-- @BeforeMethod setup -->
  <testcase classname="test.BlogsAndInsightsTest" name="@AfterMethod afterMethod" time="-1.734690349865E9">
    <skipped/>
  </testcase> <!-- @AfterMethod afterMethod -->
  <testcase classname="helper.BaseTest" name="@BeforeMethod setup" time="-1.734690349868E9">
    <skipped/>
  </testcase> <!-- @BeforeMethod setup -->
  <testcase classname="test.BlogsAndInsightsTest" name="@AfterMethod afterMethod" time="-1.73469034987E9">
    <skipped/>
  </testcase> <!-- @AfterMethod afterMethod -->
  <testcase classname="helper.BaseTest" name="@BeforeMethod setup" time="-1.734690349871E9">
    <skipped/>
  </testcase> <!-- @BeforeMethod setup -->
  <testcase classname="test.BlogsAndInsightsTest" name="@AfterMethod afterMethod" time="-1.734690349873E9">
    <skipped/>
  </testcase> <!-- @AfterMethod afterMethod -->
  <testcase classname="helper.BaseTest" name="@BeforeMethod setup" time="-1.734690349874E9">
    <skipped/>
  </testcase> <!-- @BeforeMethod setup -->
  <testcase classname="test.BlogsAndInsightsTest" name="@AfterMethod afterMethod" time="-1.734690349878E9">
    <skipped/>
  </testcase> <!-- @AfterMethod afterMethod -->
  <testcase classname="helper.BaseTest" name="@BeforeMethod setup" time="-1.734690349879E9">
    <skipped/>
  </testcase> <!-- @BeforeMethod setup -->
  <testcase classname="test.BlogsAndInsightsTest" name="@AfterMethod afterMethod" time="-1.734690349882E9">
    <skipped/>
  </testcase> <!-- @AfterMethod afterMethod -->
  <testcase classname="helper.BaseTest" name="@BeforeMethod setup" time="-1.734690349886E9">
    <skipped/>
  </testcase> <!-- @BeforeMethod setup -->
  <testcase classname="test.BlogsAndInsightsTest" name="@AfterMethod afterMethod" time="-1.734690349889E9">
    <skipped/>
  </testcase> <!-- @AfterMethod afterMethod -->
  <testcase classname="helper.BaseTest" name="@BeforeMethod setup" time="-1.734690349889E9">
    <skipped/>
  </testcase> <!-- @BeforeMethod setup -->
  <testcase classname="test.BlogsAndInsightsTest" name="@AfterMethod afterMethod" time="-1.73469034989E9">
    <skipped/>
  </testcase> <!-- @AfterMethod afterMethod -->
  <testcase classname="helper.BaseTest" name="@BeforeMethod setup" time="-1.734690349891E9">
    <skipped/>
  </testcase> <!-- @BeforeMethod setup -->
  <testcase classname="test.BlogsAndInsightsTest" name="@AfterMethod afterMethod" time="-1.734690349892E9">
    <skipped/>
  </testcase> <!-- @AfterMethod afterMethod -->
  <testcase classname="helper.BaseTest" name="@BeforeMethod setup" time="-1.734690349892E9">
    <skipped/>
  </testcase> <!-- @BeforeMethod setup -->
  <testcase classname="test.BlogsAndInsightsTest" name="@AfterMethod afterMethod" time="-1.734690349894E9">
    <skipped/>
  </testcase> <!-- @AfterMethod afterMethod -->
  <testcase classname="helper.BaseTest" name="@BeforeMethod setup" time="-1.734690349894E9">
    <skipped/>
  </testcase> <!-- @BeforeMethod setup -->
  <testcase classname="test.BlogsAndInsightsTest" name="@AfterMethod afterMethod" time="-1.734690349897E9">
    <skipped/>
  </testcase> <!-- @AfterMethod afterMethod -->
  <testcase classname="helper.BaseTest" name="@BeforeMethod setup" time="1.264">
    <failure type="java.lang.NullPointerException">
      <![CDATA[java.lang.NullPointerException
at java.base/java.util.Objects.requireNonNull(Objects.java:220)
at java.base/java.util.ImmutableCollections$Map1.<init>(ImmutableCollections.java:1114)
at java.base/java.util.Map.of(Map.java:1364)
at org.openqa.selenium.remote.DriverCommand.GET(DriverCommand.java:180)
at org.openqa.selenium.remote.RemoteWebDriver.get(RemoteWebDriver.java:302)
at helper.BaseTest.setup(BaseTest.java:32)
at java.base/java.util.ArrayList.forEach(ArrayList.java:1597)
... Removed 29 stack frames]]>
    </failure>
  </testcase> <!-- @BeforeMethod setup -->
  <testcase classname="test.CareersTabTest" name="@AfterMethod afterMethod" time="-1.734690351165E9">
    <skipped/>
  </testcase> <!-- @AfterMethod afterMethod -->
  <testcase classname="helper.BaseTest" name="@BeforeMethod setup" time="-1.734690351167E9">
    <skipped/>
  </testcase> <!-- @BeforeMethod setup -->
  <testcase classname="test.CareersTabTest" name="@AfterMethod afterMethod" time="-1.734690351169E9">
    <skipped/>
  </testcase> <!-- @AfterMethod afterMethod -->
  <testcase classname="helper.BaseTest" name="@BeforeMethod setup" time="-1.73469035117E9">
    <skipped/>
  </testcase> <!-- @BeforeMethod setup -->
  <testcase classname="test.CareersTabTest" name="@AfterMethod afterMethod" time="-1.734690351172E9">
    <skipped/>
  </testcase> <!-- @AfterMethod afterMethod -->
  <testcase classname="helper.BaseTest" name="@BeforeMethod setup" time="-1.734690351173E9">
    <skipped/>
  </testcase> <!-- @BeforeMethod setup -->
  <testcase classname="test.CareersTabTest" name="@AfterMethod afterMethod" time="-1.734690351176E9">
    <skipped/>
  </testcase> <!-- @AfterMethod afterMethod -->
  <testcase classname="helper.BaseTest" name="@BeforeMethod setup" time="-1.734690351178E9">
    <skipped/>
  </testcase> <!-- @BeforeMethod setup -->
  <testcase classname="test.CareersTabTest" name="@AfterMethod afterMethod" time="-1.734690351182E9">
    <skipped/>
  </testcase> <!-- @AfterMethod afterMethod -->
  <testcase classname="helper.BaseTest" name="@BeforeMethod setup" time="-1.734690351183E9">
    <skipped/>
  </testcase> <!-- @BeforeMethod setup -->
  <testcase classname="test.CareersTabTest" name="@AfterMethod afterMethod" time="-1.734690351185E9">
    <skipped/>
  </testcase> <!-- @AfterMethod afterMethod -->
  <testcase classname="helper.BaseTest" name="@BeforeMethod setup" time="-1.734690351187E9">
    <skipped/>
  </testcase> <!-- @BeforeMethod setup -->
  <testcase classname="test.CareersTabTest" name="@AfterMethod afterMethod" time="-1.73469035119E9">
    <skipped/>
  </testcase> <!-- @AfterMethod afterMethod -->
  <testcase classname="helper.BaseTest" name="@BeforeMethod setup" time="-1.734690351193E9">
    <skipped/>
  </testcase> <!-- @BeforeMethod setup -->
  <testcase classname="test.CareersTabTest" name="@AfterMethod afterMethod" time="-1.734690351196E9">
    <skipped/>
  </testcase> <!-- @AfterMethod afterMethod -->
  <testcase classname="helper.BaseTest" name="@BeforeMethod setup" time="-1.734690351197E9">
    <skipped/>
  </testcase> <!-- @BeforeMethod setup -->
  <testcase classname="test.CareersTabTest" name="@AfterMethod afterMethod" time="-1.734690351201E9">
    <skipped/>
  </testcase> <!-- @AfterMethod afterMethod -->
  <testcase classname="helper.BaseTest" name="@BeforeMethod setup" time="-1.734690351203E9">
    <skipped/>
  </testcase> <!-- @BeforeMethod setup -->
  <testcase classname="test.CareersTabTest" name="@AfterMethod afterMethod" time="-1.734690351205E9">
    <skipped/>
  </testcase> <!-- @AfterMethod afterMethod -->
  <testcase classname="helper.BaseTest" name="@BeforeMethod setup" time="-1.734690351207E9">
    <skipped/>
  </testcase> <!-- @BeforeMethod setup -->
  <testcase classname="test.CareersTabTest" name="@AfterMethod afterMethod" time="-1.73469035121E9">
    <skipped/>
  </testcase> <!-- @AfterMethod afterMethod -->
  <testcase classname="helper.BaseTest" name="@BeforeMethod setup" time="-1.734690351214E9">
    <skipped/>
  </testcase> <!-- @BeforeMethod setup -->
  <testcase classname="test.CareersTabTest" name="@AfterMethod afterMethod" time="-1.734690351219E9">
    <skipped/>
  </testcase> <!-- @AfterMethod afterMethod -->
  <testcase classname="helper.BaseTest" name="@BeforeMethod setup" time="-1.734690351221E9">
    <skipped/>
  </testcase> <!-- @BeforeMethod setup -->
  <testcase classname="test.CareersTabTest" name="@AfterMethod afterMethod" time="-1.734690351225E9">
    <skipped/>
  </testcase> <!-- @AfterMethod afterMethod -->
  <testcase classname="helper.BaseTest" name="@BeforeMethod setup" time="-1.734690351226E9">
    <skipped/>
  </testcase> <!-- @BeforeMethod setup -->
  <testcase classname="test.CareersTabTest" name="@AfterMethod afterMethod" time="-1.73469035123E9">
    <skipped/>
  </testcase> <!-- @AfterMethod afterMethod -->
  <testcase classname="helper.BaseTest" name="@BeforeMethod setup" time="-1.734690351232E9">
    <skipped/>
  </testcase> <!-- @BeforeMethod setup -->
  <testcase classname="test.CareersTabTest" name="@AfterMethod afterMethod" time="-1.734690351234E9">
    <skipped/>
  </testcase> <!-- @AfterMethod afterMethod -->
  <testcase classname="helper.BaseTest" name="@BeforeMethod setup" time="-1.734690351235E9">
    <skipped/>
  </testcase> <!-- @BeforeMethod setup -->
  <testcase classname="test.CareersTabTest" name="@AfterMethod afterMethod" time="-1.734690351237E9">
    <skipped/>
  </testcase> <!-- @AfterMethod afterMethod -->
  <testcase classname="helper.BaseTest" name="@BeforeMethod setup" time="-1.734690351238E9">
    <skipped/>
  </testcase> <!-- @BeforeMethod setup -->
  <testcase classname="test.CareersTabTest" name="@AfterMethod afterMethod" time="-1.734690351241E9">
    <skipped/>
  </testcase> <!-- @AfterMethod afterMethod -->
  <testcase classname="helper.BaseTest" name="@BeforeMethod setup" time="-1.734690351243E9">
    <skipped/>
  </testcase> <!-- @BeforeMethod setup -->
  <testcase classname="test.CareersTabTest" name="@AfterMethod afterMethod" time="-1.734690351246E9">
    <skipped/>
  </testcase> <!-- @AfterMethod afterMethod -->
  <testcase classname="helper.BaseTest" name="@BeforeMethod setup" time="-1.734690351248E9">
    <skipped/>
  </testcase> <!-- @BeforeMethod setup -->
  <testcase classname="test.CareersTabTest" name="@AfterMethod afterMethod" time="-1.734690351252E9">
    <skipped/>
  </testcase> <!-- @AfterMethod afterMethod -->
  <testcase classname="helper.BaseTest" name="@BeforeMethod setup" time="-1.734690351254E9">
    <skipped/>
  </testcase> <!-- @BeforeMethod setup -->
  <testcase classname="test.CareersTabTest" name="@AfterMethod afterMethod" time="-1.734690351256E9">
    <skipped/>
  </testcase> <!-- @AfterMethod afterMethod -->
  <testcase classname="helper.BaseTest" name="@BeforeMethod setup" time="-1.734690351257E9">
    <skipped/>
  </testcase> <!-- @BeforeMethod setup -->
  <testcase classname="test.CareersTabTest" name="@AfterMethod afterMethod" time="-1.734690351259E9">
    <skipped/>
  </testcase> <!-- @AfterMethod afterMethod -->
  <testcase classname="helper.BaseTest" name="@BeforeMethod setup" time="-1.734690351261E9">
    <skipped/>
  </testcase> <!-- @BeforeMethod setup -->
  <testcase classname="test.CareersTabTest" name="@AfterMethod afterMethod" time="-1.734690351264E9">
    <skipped/>
  </testcase> <!-- @AfterMethod afterMethod -->
  <testcase classname="helper.BaseTest" name="@BeforeMethod setup" time="-1.734690351265E9">
    <skipped/>
  </testcase> <!-- @BeforeMethod setup -->
  <testcase classname="test.CareersTabTest" name="@AfterMethod afterMethod" time="-1.734690351269E9">
    <skipped/>
  </testcase> <!-- @AfterMethod afterMethod -->
  <testcase classname="helper.BaseTest" name="@BeforeMethod setup" time="-1.73469035127E9">
    <skipped/>
  </testcase> <!-- @BeforeMethod setup -->
  <testcase classname="test.CareersTabTest" name="@AfterMethod afterMethod" time="-1.734690351272E9">
    <skipped/>
  </testcase> <!-- @AfterMethod afterMethod -->
  <testcase classname="helper.BaseTest" name="@BeforeMethod setup" time="-1.734690351273E9">
    <skipped/>
  </testcase> <!-- @BeforeMethod setup -->
  <testcase classname="test.CareersTabTest" name="@AfterMethod afterMethod" time="-1.734690351276E9">
    <skipped/>
  </testcase> <!-- @AfterMethod afterMethod -->
  <testcase classname="helper.BaseTest" name="@BeforeMethod setup" time="-1.734690351277E9">
    <skipped/>
  </testcase> <!-- @BeforeMethod setup -->
  <testcase classname="test.CareersTabTest" name="@AfterMethod afterMethod" time="-1.73469035128E9">
    <skipped/>
  </testcase> <!-- @AfterMethod afterMethod -->
  <testcase classname="helper.BaseTest" name="@BeforeMethod setup" time="-1.734690351281E9">
    <skipped/>
  </testcase> <!-- @BeforeMethod setup -->
  <testcase classname="test.CareersTabTest" name="@AfterMethod afterMethod" time="-1.734690351283E9">
    <skipped/>
  </testcase> <!-- @AfterMethod afterMethod -->
  <testcase classname="helper.BaseTest" name="@BeforeMethod setup" time="-1.734690351284E9">
    <skipped/>
  </testcase> <!-- @BeforeMethod setup -->
  <testcase classname="test.CareersTabTest" name="@AfterMethod afterMethod" time="-1.734690351286E9">
    <skipped/>
  </testcase> <!-- @AfterMethod afterMethod -->
  <testcase classname="helper.BaseTest" name="@BeforeMethod setup" time="-1.734690351288E9">
    <skipped/>
  </testcase> <!-- @BeforeMethod setup -->
  <testcase classname="test.CareersTabTest" name="@AfterMethod afterMethod" time="-1.73469035129E9">
    <skipped/>
  </testcase> <!-- @AfterMethod afterMethod -->
  <testcase classname="helper.BaseTest" name="@BeforeMethod setup" time="-1.734690351291E9">
    <skipped/>
  </testcase> <!-- @BeforeMethod setup -->
  <testcase classname="test.CareersTabTest" name="@AfterMethod afterMethod" time="-1.734690351293E9">
    <skipped/>
  </testcase> <!-- @AfterMethod afterMethod -->
  <testcase classname="helper.BaseTest" name="@BeforeMethod setup" time="-1.734690351295E9">
    <skipped/>
  </testcase> <!-- @BeforeMethod setup -->
  <testcase classname="test.CareersTabTest" name="@AfterMethod afterMethod" time="-1.734690351297E9">
    <skipped/>
  </testcase> <!-- @AfterMethod afterMethod -->
  <testcase classname="helper.BaseTest" name="@BeforeMethod setup" time="-1.734690351299E9">
    <skipped/>
  </testcase> <!-- @BeforeMethod setup -->
  <testcase classname="test.CareersTabTest" name="@AfterMethod afterMethod" time="-1.7346903513E9">
    <skipped/>
  </testcase> <!-- @AfterMethod afterMethod -->
  <testcase classname="helper.BaseTest" name="@BeforeMethod setup" time="-1.734690351302E9">
    <skipped/>
  </testcase> <!-- @BeforeMethod setup -->
  <testcase classname="test.CareersTabTest" name="@AfterMethod afterMethod" time="-1.734690351305E9">
    <skipped/>
  </testcase> <!-- @AfterMethod afterMethod -->
  <testcase classname="helper.BaseTest" name="@BeforeMethod setup" time="-1.734690351306E9">
    <skipped/>
  </testcase> <!-- @BeforeMethod setup -->
  <testcase classname="test.CareersTabTest" name="@AfterMethod afterMethod" time="-1.734690351308E9">
    <skipped/>
  </testcase> <!-- @AfterMethod afterMethod -->
  <testcase classname="helper.BaseTest" name="@BeforeMethod setup" time="-1.734690351309E9">
    <skipped/>
  </testcase> <!-- @BeforeMethod setup -->
  <testcase classname="test.CareersTabTest" name="@AfterMethod afterMethod" time="-1.734690351312E9">
    <skipped/>
  </testcase> <!-- @AfterMethod afterMethod -->
  <testcase classname="helper.BaseTest" name="@BeforeMethod setup" time="-1.734690351312E9">
    <skipped/>
  </testcase> <!-- @BeforeMethod setup -->
  <testcase classname="test.CareersTabTest" name="@AfterMethod afterMethod" time="-1.734690351315E9">
    <skipped/>
  </testcase> <!-- @AfterMethod afterMethod -->
  <testcase classname="helper.BaseTest" name="@BeforeMethod setup" time="-1.734690351316E9">
    <skipped/>
  </testcase> <!-- @BeforeMethod setup -->
  <testcase classname="test.CareersTabTest" name="@AfterMethod afterMethod" time="-1.734690351318E9">
    <skipped/>
  </testcase> <!-- @AfterMethod afterMethod -->
  <testcase classname="helper.BaseTest" name="@BeforeMethod setup" time="-1.73469035132E9">
    <skipped/>
  </testcase> <!-- @BeforeMethod setup -->
  <testcase classname="test.CareersTabTest" name="@AfterMethod afterMethod" time="-1.734690351322E9">
    <skipped/>
  </testcase> <!-- @AfterMethod afterMethod -->
  <testcase classname="helper.BaseTest" name="@BeforeMethod setup" time="-1.734690351324E9">
    <skipped/>
  </testcase> <!-- @BeforeMethod setup -->
  <testcase classname="test.CareersTabTest" name="@AfterMethod afterMethod" time="-1.734690351325E9">
    <skipped/>
  </testcase> <!-- @AfterMethod afterMethod -->
  <testcase classname="helper.BaseTest" name="@BeforeMethod setup" time="-1.734690351327E9">
    <skipped/>
  </testcase> <!-- @BeforeMethod setup -->
  <testcase classname="test.CareersTabTest" name="@AfterMethod afterMethod" time="-1.73469035133E9">
    <skipped/>
  </testcase> <!-- @AfterMethod afterMethod -->
  <testcase classname="helper.BaseTest" name="@BeforeMethod setup" time="-1.734690351331E9">
    <skipped/>
  </testcase> <!-- @BeforeMethod setup -->
  <testcase classname="test.CareersTabTest" name="@AfterMethod afterMethod" time="-1.734690351334E9">
    <skipped/>
  </testcase> <!-- @AfterMethod afterMethod -->
  <testcase classname="helper.BaseTest" name="@BeforeMethod setup" time="-1.734690351335E9">
    <skipped/>
  </testcase> <!-- @BeforeMethod setup -->
  <testcase classname="test.CareersTabTest" name="@AfterMethod afterMethod" time="-1.734690351337E9">
    <skipped/>
  </testcase> <!-- @AfterMethod afterMethod -->
  <testcase classname="helper.BaseTest" name="@BeforeMethod setup" time="-1.734690351338E9">
    <skipped/>
  </testcase> <!-- @BeforeMethod setup -->
  <testcase classname="test.CareersTabTest" name="@AfterMethod afterMethod" time="-1.73469035134E9">
    <skipped/>
  </testcase> <!-- @AfterMethod afterMethod -->
  <testcase classname="helper.BaseTest" name="@BeforeMethod setup" time="-1.734690351342E9">
    <skipped/>
  </testcase> <!-- @BeforeMethod setup -->
  <testcase classname="test.CareersTabTest" name="@AfterMethod afterMethod" time="-1.734690351346E9">
    <skipped/>
  </testcase> <!-- @AfterMethod afterMethod -->
  <testcase classname="helper.BaseTest" name="@BeforeMethod setup" time="-1.734690351347E9">
    <skipped/>
  </testcase> <!-- @BeforeMethod setup -->
  <testcase classname="test.CareersTabTest" name="@AfterMethod afterMethod" time="-1.734690351349E9">
    <skipped/>
  </testcase> <!-- @AfterMethod afterMethod -->
  <testcase classname="helper.BaseTest" name="@BeforeMethod setup" time="-1.73469035135E9">
    <skipped/>
  </testcase> <!-- @BeforeMethod setup -->
  <testcase classname="test.CareersTabTest" name="@AfterMethod afterMethod" time="-1.734690351352E9">
    <skipped/>
  </testcase> <!-- @AfterMethod afterMethod -->
  <testcase classname="helper.BaseTest" name="@BeforeMethod setup" time="-1.734690351352E9">
    <skipped/>
  </testcase> <!-- @BeforeMethod setup -->
  <testcase classname="test.CareersTabTest" name="@AfterMethod afterMethod" time="-1.734690351353E9">
    <skipped/>
  </testcase> <!-- @AfterMethod afterMethod -->
  <testcase classname="helper.BaseTest" name="@BeforeMethod setup" time="-1.734690351354E9">
    <skipped/>
  </testcase> <!-- @BeforeMethod setup -->
  <testcase classname="test.CareersTabTest" name="@AfterMethod afterMethod" time="-1.734690351356E9">
    <skipped/>
  </testcase> <!-- @AfterMethod afterMethod -->
  <testcase classname="helper.BaseTest" name="@BeforeMethod setup" time="-1.734690351357E9">
    <skipped/>
  </testcase> <!-- @BeforeMethod setup -->
  <testcase classname="test.CareersTabTest" name="@AfterMethod afterMethod" time="-1.734690351359E9">
    <skipped/>
  </testcase> <!-- @AfterMethod afterMethod -->
  <testcase classname="helper.BaseTest" name="@BeforeMethod setup" time="-1.734690351362E9">
    <skipped/>
  </testcase> <!-- @BeforeMethod setup -->
  <testcase classname="test.CareersTabTest" name="@AfterMethod afterMethod" time="-1.734690351366E9">
    <skipped/>
  </testcase> <!-- @AfterMethod afterMethod -->
  <testcase classname="helper.BaseTest" name="@BeforeMethod setup" time="-1.734690351367E9">
    <skipped/>
  </testcase> <!-- @BeforeMethod setup -->
  <testcase classname="test.CareersTabTest" name="@AfterMethod afterMethod" time="-1.73469035137E9">
    <skipped/>
  </testcase> <!-- @AfterMethod afterMethod -->
  <testcase classname="helper.BaseTest" name="@BeforeMethod setup" time="-1.734690351371E9">
    <skipped/>
  </testcase> <!-- @BeforeMethod setup -->
  <testcase classname="test.CareersTabTest" name="@AfterMethod afterMethod" time="-1.734690351374E9">
    <skipped/>
  </testcase> <!-- @AfterMethod afterMethod -->
  <testcase classname="helper.BaseTest" name="@BeforeMethod setup" time="-1.734690351375E9">
    <skipped/>
  </testcase> <!-- @BeforeMethod setup -->
  <testcase classname="test.CareersTabTest" name="@AfterMethod afterMethod" time="-1.734690351378E9">
    <skipped/>
  </testcase> <!-- @AfterMethod afterMethod -->
  <testcase classname="helper.BaseTest" name="@BeforeMethod setup" time="-1.73469035138E9">
    <skipped/>
  </testcase> <!-- @BeforeMethod setup -->
  <testcase classname="test.CareersTabTest" name="@AfterMethod afterMethod" time="-1.734690351383E9">
    <skipped/>
  </testcase> <!-- @AfterMethod afterMethod -->
  <testcase classname="helper.BaseTest" name="@BeforeMethod setup" time="-1.734690351384E9">
    <skipped/>
  </testcase> <!-- @BeforeMethod setup -->
  <testcase classname="test.CareersTabTest" name="@AfterMethod afterMethod" time="-1.734690351387E9">
    <skipped/>
  </testcase> <!-- @AfterMethod afterMethod -->
  <testcase classname="helper.BaseTest" name="@BeforeMethod setup" time="-1.734690351388E9">
    <skipped/>
  </testcase> <!-- @BeforeMethod setup -->
  <testcase classname="test.CareersTabTest" name="@AfterMethod afterMethod" time="-1.73469035139E9">
    <skipped/>
  </testcase> <!-- @AfterMethod afterMethod -->
  <testcase classname="helper.BaseTest" name="@BeforeMethod setup" time="-1.734690351391E9">
    <skipped/>
  </testcase> <!-- @BeforeMethod setup -->
  <testcase classname="test.CareersTabTest" name="@AfterMethod afterMethod" time="-1.734690351394E9">
    <skipped/>
  </testcase> <!-- @AfterMethod afterMethod -->
  <testcase classname="helper.BaseTest" name="@BeforeMethod setup" time="-1.734690351395E9">
    <skipped/>
  </testcase> <!-- @BeforeMethod setup -->
  <testcase classname="test.CareersTabTest" name="@AfterMethod afterMethod" time="-1.734690351397E9">
    <skipped/>
  </testcase> <!-- @AfterMethod afterMethod -->
  <testcase classname="helper.BaseTest" name="@BeforeMethod setup" time="-1.734690351398E9">
    <skipped/>
  </testcase> <!-- @BeforeMethod setup -->
  <testcase classname="test.CareersTabTest" name="@AfterMethod afterMethod" time="-1.734690351399E9">
    <skipped/>
  </testcase> <!-- @AfterMethod afterMethod -->
  <testcase classname="helper.BaseTest" name="@BeforeMethod setup" time="1.366">
    <failure type="java.lang.NullPointerException">
      <![CDATA[java.lang.NullPointerException
at java.base/java.util.Objects.requireNonNull(Objects.java:220)
at java.base/java.util.ImmutableCollections$Map1.<init>(ImmutableCollections.java:1114)
at java.base/java.util.Map.of(Map.java:1364)
at org.openqa.selenium.remote.DriverCommand.GET(DriverCommand.java:180)
at org.openqa.selenium.remote.RemoteWebDriver.get(RemoteWebDriver.java:302)
at helper.BaseTest.setup(BaseTest.java:32)
at java.base/java.util.ArrayList.forEach(ArrayList.java:1597)
... Removed 29 stack frames]]>
    </failure>
  </testcase> <!-- @BeforeMethod setup -->
  <testcase classname="test.ContactUsTabTest" name="@AfterMethod afterMethod" time="-1.734690352769E9">
    <skipped/>
  </testcase> <!-- @AfterMethod afterMethod -->
  <testcase classname="helper.BaseTest" name="@BeforeMethod setup" time="-1.734690352771E9">
    <skipped/>
  </testcase> <!-- @BeforeMethod setup -->
  <testcase classname="test.ContactUsTabTest" name="@AfterMethod afterMethod" time="-1.734690352775E9">
    <skipped/>
  </testcase> <!-- @AfterMethod afterMethod -->
  <testcase classname="helper.BaseTest" name="@BeforeMethod setup" time="-1.734690352778E9">
    <skipped/>
  </testcase> <!-- @BeforeMethod setup -->
  <testcase classname="test.ContactUsTabTest" name="@AfterMethod afterMethod" time="-1.734690352782E9">
    <skipped/>
  </testcase> <!-- @AfterMethod afterMethod -->
  <testcase classname="helper.BaseTest" name="@BeforeMethod setup" time="-1.734690352785E9">
    <skipped/>
  </testcase> <!-- @BeforeMethod setup -->
  <testcase classname="test.ContactUsTabTest" name="@AfterMethod afterMethod" time="-1.734690352788E9">
    <skipped/>
  </testcase> <!-- @AfterMethod afterMethod -->
  <testcase classname="helper.BaseTest" name="@BeforeMethod setup" time="-1.734690352788E9">
    <skipped/>
  </testcase> <!-- @BeforeMethod setup -->
  <testcase classname="test.ContactUsTabTest" name="@AfterMethod afterMethod" time="-1.73469035279E9">
    <skipped/>
  </testcase> <!-- @AfterMethod afterMethod -->
  <testcase classname="helper.BaseTest" name="@BeforeMethod setup" time="-1.734690352792E9">
    <skipped/>
  </testcase> <!-- @BeforeMethod setup -->
  <testcase classname="test.ContactUsTabTest" name="@AfterMethod afterMethod" time="-1.734690352796E9">
    <skipped/>
  </testcase> <!-- @AfterMethod afterMethod -->
  <testcase classname="test.HomeTabTest" name="Home_UI_landing_Page_HomeTab_TC_001" time="0.0">
    <skipped/>
  </testcase> <!-- Home_UI_landing_Page_HomeTab_TC_001 -->
  <testcase classname="test.HomeTabTest" name="Image_Slider_HomeTab_TC_002" time="0.0">
    <skipped/>
  </testcase> <!-- Image_Slider_HomeTab_TC_002 -->
  <testcase classname="test.HomeTabTest" name="WE_CAN_HELP_YOUR_BUSINESS_HomeTab_TC_003" time="0.0">
    <skipped/>
  </testcase> <!-- WE_CAN_HELP_YOUR_BUSINESS_HomeTab_TC_003 -->
  <testcase classname="test.HomeTabTest" name="MORE_ABOUT_US_HomeTab_TC_004" time="0.0">
    <skipped/>
  </testcase> <!-- MORE_ABOUT_US_HomeTab_TC_004 -->
  <testcase classname="test.HomeTabTest" name="GET_IN_TOUCH_HomeTab_TC_005" time="0.0">
    <skipped/>
  </testcase> <!-- GET_IN_TOUCH_HomeTab_TC_005 -->
  <testcase classname="test.HomeTabTest" name="VIEW_ALL_SERVICES_HomeTab_TC_005" time="0.0">
    <skipped/>
  </testcase> <!-- VIEW_ALL_SERVICES_HomeTab_TC_005 -->
  <testcase classname="test.HomeTabTest" name="ARE_YOU_READY_TO_START_HomeTab_TC_005" time="0.0">
    <skipped/>
  </testcase> <!-- ARE_YOU_READY_TO_START_HomeTab_TC_005 -->
  <testcase classname="test.HomeTabTest" name="ABOUT_US_HomeTab_TC_005" time="0.0">
    <skipped/>
  </testcase> <!-- ABOUT_US_HomeTab_TC_005 -->
  <testcase classname="test.HomeTabTest" name="AVAILABLE_JOBS_HomeTab_TC_005" time="0.0">
    <skipped/>
  </testcase> <!-- AVAILABLE_JOBS_HomeTab_TC_005 -->
  <testcase classname="test.HomeTabTest" name="CONTACT_US_HomeTab_TC_005" time="0.0">
    <skipped/>
  </testcase> <!-- CONTACT_US_HomeTab_TC_005 -->
  <testcase classname="test.HomeTabTest" name="Image_Slider_GET_IN_TOUCH_HomeTab_TC_005" time="0.0">
    <skipped/>
  </testcase> <!-- Image_Slider_GET_IN_TOUCH_HomeTab_TC_005 -->
  <testcase classname="test.HomeTabTest" name="Image_Slider_FIND_OUT_MORE_ABOUT_US_HomeTab_TC_005" time="0.0">
    <skipped/>
  </testcase> <!-- Image_Slider_FIND_OUT_MORE_ABOUT_US_HomeTab_TC_005 -->
  <testcase classname="test.AboutUsTabTest" name="Validate_About_Us_Button_Click_TC_001" time="0.0">
    <skipped/>
  </testcase> <!-- Validate_About_Us_Button_Click_TC_001 -->
  <testcase classname="test.AboutUsTabTest" name="Validate_Search_feature_TC_002" time="0.0">
    <skipped/>
  </testcase> <!-- Validate_Search_feature_TC_002 -->
  <testcase classname="test.AboutUsTabTest" name="Validate_first_JOIN_US_button_click_TC_003" time="0.0">
    <skipped/>
  </testcase> <!-- Validate_first_JOIN_US_button_click_TC_003 -->
  <testcase classname="test.AboutUsTabTest" name="Validate_second_JOIN_US_button_click_TC_003" time="0.0">
    <skipped/>
  </testcase> <!-- Validate_second_JOIN_US_button_click_TC_003 -->
  <testcase classname="test.AboutUsTabTest" name="Verify_Nav_bar_content_change_on_scroll_down_TC_005" time="0.0">
    <skipped/>
  </testcase> <!-- Verify_Nav_bar_content_change_on_scroll_down_TC_005 -->
  <testcase classname="test.AboutUsTabTest" name="Validate_CONTACT_US_button_click_TC_006" time="0.0">
    <skipped/>
  </testcase> <!-- Validate_CONTACT_US_button_click_TC_006 -->
  <testcase classname="test.AboutUsTabTest" name="Validate_COOKIE_POLICY_button_click_TC_007" time="0.0">
    <skipped/>
  </testcase> <!-- Validate_COOKIE_POLICY_button_click_TC_007 -->
  <testcase classname="test.AboutUsTabTest" name="Validate_TERMS_AND_CONDITIONS_button_click_TC_008" time="0.0">
    <skipped/>
  </testcase> <!-- Validate_TERMS_AND_CONDITIONS_button_click_TC_008 -->
  <testcase classname="test.AboutUsTabTest" name="Validate_PRIVACY_POLICY_button_click_TC_009" time="0.0">
    <skipped/>
  </testcase> <!-- Validate_PRIVACY_POLICY_button_click_TC_009 -->
  <testcase classname="test.AboutUsTabTest" name="Validate_LINKED_IN_ICON_button_click_TC_010" time="0.0">
    <skipped/>
  </testcase> <!-- Validate_LINKED_IN_ICON_button_click_TC_010 -->
  <testcase classname="test.AboutUsTabTest" name="Validate_CONTACT_US_ICON_button_click_TC_011" time="0.0">
    <skipped/>
  </testcase> <!-- Validate_CONTACT_US_ICON_button_click_TC_011 -->
  <testcase classname="test.ServicesTabTest" name="Validate_Services_Button_Click_TC_001" time="0.0">
    <skipped/>
  </testcase> <!-- Validate_Services_Button_Click_TC_001 -->
  <testcase classname="test.ServicesTabTest" name="Validate_PRODUCT_ENGINEERING_Button_Click_TC_002" time="0.0">
    <skipped/>
  </testcase> <!-- Validate_PRODUCT_ENGINEERING_Button_Click_TC_002 -->
  <testcase classname="test.ServicesTabTest" name="Validate_CLOUD_Button_Click_TC_003" time="0.0">
    <skipped/>
  </testcase> <!-- Validate_CLOUD_Button_Click_TC_003 -->
  <testcase classname="test.ServicesTabTest" name="Validate_STRATEGIC_CONSULTING_Button_Click_TC_004" time="0.0">
    <skipped/>
  </testcase> <!-- Validate_STRATEGIC_CONSULTING_Button_Click_TC_004 -->
  <testcase classname="test.ServicesTabTest" name="Validate_LearnMore_PRODUCT_ENGINEERING_Button_Click_TC_005" time="0.0">
    <skipped/>
  </testcase> <!-- Validate_LearnMore_PRODUCT_ENGINEERING_Button_Click_TC_005 -->
  <testcase classname="test.ServicesTabTest" name="Validate_LearnMore_CLOUD_Button_Click_TC_006" time="0.0">
    <skipped/>
  </testcase> <!-- Validate_LearnMore_CLOUD_Button_Click_TC_006 -->
  <testcase classname="test.ServicesTabTest" name="Validate_LearnMore_STRATEGIC_CONSULTING_Button_Click_TC_007" time="0.0">
    <skipped/>
  </testcase> <!-- Validate_LearnMore_STRATEGIC_CONSULTING_Button_Click_TC_007 -->
  <testcase classname="test.ServicesTabTest" name="Validate_CONTACT_US_Button_Click_TC_008" time="0.0">
    <skipped/>
  </testcase> <!-- Validate_CONTACT_US_Button_Click_TC_008 -->
  <testcase classname="test.ServicesTabTest" name="Validate_JOIN_US_Button_Click_TC_009" time="0.0">
    <skipped/>
  </testcase> <!-- Validate_JOIN_US_Button_Click_TC_009 -->
  <testcase classname="test.BlogsAndInsightsTest" name="Validate_BlogsAndInsights_Button_Click_TC_001" time="0.0">
    <skipped/>
  </testcase> <!-- Validate_BlogsAndInsights_Button_Click_TC_001 -->
  <testcase classname="test.BlogsAndInsightsTest" name="Validate_ReadMoreAboutUs_Button_Click_TC_002" time="0.0">
    <skipped/>
  </testcase> <!-- Validate_ReadMoreAboutUs_Button_Click_TC_002 -->
  <testcase classname="test.BlogsAndInsightsTest" name="Validate_ContactUs_Button_Click_TC_003" time="0.0">
    <skipped/>
  </testcase> <!-- Validate_ContactUs_Button_Click_TC_003 -->
  <testcase classname="test.BlogsAndInsightsTest" name="Validate_Page_2_Button_Click_TC_004" time="0.0">
    <skipped/>
  </testcase> <!-- Validate_Page_2_Button_Click_TC_004 -->
  <testcase classname="test.BlogsAndInsightsTest" name="Validate_Blog_1_Button_Click_TC_005" time="0.0">
    <skipped/>
  </testcase> <!-- Validate_Blog_1_Button_Click_TC_005 -->
  <testcase classname="test.BlogsAndInsightsTest" name="Validate_Blog_2_Button_Click_TC_006" time="0.0">
    <skipped/>
  </testcase> <!-- Validate_Blog_2_Button_Click_TC_006 -->
  <testcase classname="test.BlogsAndInsightsTest" name="Validate_Blog_3_Button_Click_TC_007" time="0.0">
    <skipped/>
  </testcase> <!-- Validate_Blog_3_Button_Click_TC_007 -->
  <testcase classname="test.BlogsAndInsightsTest" name="Validate_Blog_4_Button_Click_TC_008" time="0.0">
    <skipped/>
  </testcase> <!-- Validate_Blog_4_Button_Click_TC_008 -->
  <testcase classname="test.BlogsAndInsightsTest" name="Validate_Blog_4_Button_Click_TC_009" time="0.0">
    <skipped/>
  </testcase> <!-- Validate_Blog_4_Button_Click_TC_009 -->
  <testcase classname="test.BlogsAndInsightsTest" name="Validate_Blog_4_Button_Click_TC_010" time="0.0">
    <skipped/>
  </testcase> <!-- Validate_Blog_4_Button_Click_TC_010 -->
  <testcase classname="test.CareersTabTest" name="TC_001_Validate_Career_Button_Click_" time="0.0">
    <skipped/>
  </testcase> <!-- TC_001_Validate_Career_Button_Click_ -->
  <testcase classname="test.CareersTabTest" name="TC_002_Validate_currentOpenings_Button_Click_" time="0.0">
    <skipped/>
  </testcase> <!-- TC_002_Validate_currentOpenings_Button_Click_ -->
  <testcase classname="test.CareersTabTest" name="TC_003_Validate_joinus_Button_Click_" time="0.0">
    <skipped/>
  </testcase> <!-- TC_003_Validate_joinus_Button_Click_ -->
  <testcase classname="test.CareersTabTest" name="TC_004_Validate_joinus_Button_Click_" time="0.0">
    <skipped/>
  </testcase> <!-- TC_004_Validate_joinus_Button_Click_ -->
  <testcase classname="test.CareersTabTest" name="TC_005_Validate_knowmoreaboutus_Button_Click_" time="0.0">
    <skipped/>
  </testcase> <!-- TC_005_Validate_knowmoreaboutus_Button_Click_ -->
  <testcase classname="test.CareersTabTest" name="TC_006_Validate_moreaboutus_Button_Click_" time="0.0">
    <skipped/>
  </testcase> <!-- TC_006_Validate_moreaboutus_Button_Click_ -->
  <testcase classname="test.CareersTabTest" name="TC_007_Validate_getintouch_Button_Click_" time="0.0">
    <skipped/>
  </testcase> <!-- TC_007_Validate_getintouch_Button_Click_ -->
  <testcase classname="test.CareersTabTest" name="TC_008_Validate_videobtn_Button_Click_" time="0.0">
    <skipped/>
  </testcase> <!-- TC_008_Validate_videobtn_Button_Click_ -->
  <testcase classname="test.CareersTabTest" name="TC_009_Validate_contactus_Button_Click_" time="0.0">
    <skipped/>
  </testcase> <!-- TC_009_Validate_contactus_Button_Click_ -->
  <testcase classname="test.CareersTabTest" name="TC_010_Validate_contactuss_Button_Click_" time="0.0">
    <skipped/>
  </testcase> <!-- TC_010_Validate_contactuss_Button_Click_ -->
  <testcase classname="test.CareersTabTest" name="TC_011_Validate_more_Button_Click_" time="0.0">
    <skipped/>
  </testcase> <!-- TC_011_Validate_more_Button_Click_ -->
  <testcase classname="test.CareersTabTest" name="TC_0012_Validate_viewourjobopenings_Button_Click_" time="0.0">
    <skipped/>
  </testcase> <!-- TC_0012_Validate_viewourjobopenings_Button_Click_ -->
  <testcase classname="test.CareersTabTest" name="TC_0013_Validate_joinuscurrent_Button_Click_" time="0.0">
    <skipped/>
  </testcase> <!-- TC_0013_Validate_joinuscurrent_Button_Click_ -->
  <testcase classname="test.CareersTabTest" name="TC_0014_Validate_Qualityengineeringlead_Button_Click_" time="0.0">
    <skipped/>
  </testcase> <!-- TC_0014_Validate_Qualityengineeringlead_Button_Click_ -->
  <testcase classname="test.CareersTabTest" name="TC_0015_Validate_QualityengineeringleadAN_Button_Click_" time="0.0">
    <skipped/>
  </testcase> <!-- TC_0015_Validate_QualityengineeringleadAN_Button_Click_ -->
  <testcase classname="test.CareersTabTest" name="TC_0016_Validate_Qualityengineeringlead2_Button_Click_" time="0.0">
    <skipped/>
  </testcase> <!-- TC_0016_Validate_Qualityengineeringlead2_Button_Click_ -->
  <testcase classname="test.CareersTabTest" name="TC_0017_Validate_Qualityengineeringlead2AN_Button_Click_" time="0.0">
    <skipped/>
  </testcase> <!-- TC_0017_Validate_Qualityengineeringlead2AN_Button_Click_ -->
  <testcase classname="test.CareersTabTest" name="TC_0018_Validate_QualityengineeringleadSTE_Button_Click_" time="0.0">
    <skipped/>
  </testcase> <!-- TC_0018_Validate_QualityengineeringleadSTE_Button_Click_ -->
  <testcase classname="test.CareersTabTest" name="TC_0019_Validate_QualityengineeringleadSTEAN_Button_Click_" time="0.0">
    <skipped/>
  </testcase> <!-- TC_0019_Validate_QualityengineeringleadSTEAN_Button_Click_ -->
  <testcase classname="test.CareersTabTest" name="TC_0020_Validate_clickSeniorQEDataTesting_Button_Click_" time="0.0">
    <skipped/>
  </testcase> <!-- TC_0020_Validate_clickSeniorQEDataTesting_Button_Click_ -->
  <testcase classname="test.CareersTabTest" name="TC_0021_Validate_clickSeniorQEDataTestingAN_Button_Click_" time="0.0">
    <skipped/>
  </testcase> <!-- TC_0021_Validate_clickSeniorQEDataTestingAN_Button_Click_ -->
  <testcase classname="test.CareersTabTest" name="TC_0022_Validate_QELead_Button_Click_" time="0.0">
    <skipped/>
  </testcase> <!-- TC_0022_Validate_QELead_Button_Click_ -->
  <testcase classname="test.CareersTabTest" name="TC_0023_Validate_QELeadAN_Button_Click_" time="0.0">
    <skipped/>
  </testcase> <!-- TC_0023_Validate_QELeadAN_Button_Click_ -->
  <testcase classname="test.CareersTabTest" name="TC_0024_Validate_SAPSDFunctionalConsultant_Button_Click_" time="0.0">
    <skipped/>
  </testcase> <!-- TC_0024_Validate_SAPSDFunctionalConsultant_Button_Click_ -->
  <testcase classname="test.CareersTabTest" name="TC_0025_Validate_SAPSDFunctionalConsultantAN_Button_Click_" time="0.0">
    <skipped/>
  </testcase> <!-- TC_0025_Validate_SAPSDFunctionalConsultantAN_Button_Click_ -->
  <testcase classname="test.CareersTabTest" name="TC_0026_Validate_SeniorNet_Button_Click_" time="0.0">
    <skipped/>
  </testcase> <!-- TC_0026_Validate_SeniorNet_Button_Click_ -->
  <testcase classname="test.CareersTabTest" name="TC_0027_Validate_SeniorNetAN_Button_Click_" time="0.0">
    <skipped/>
  </testcase> <!-- TC_0027_Validate_SeniorNetAN_Button_Click_ -->
  <testcase classname="test.CareersTabTest" name="TC_0028_Validate_QELeadArchitectIndia_Button_Click_" time="0.0">
    <skipped/>
  </testcase> <!-- TC_0028_Validate_QELeadArchitectIndia_Button_Click_ -->
  <testcase classname="test.CareersTabTest" name="TC_0029_Validate_QELeadArchitectIndiaAN_Button_Click_" time="0.0">
    <skipped/>
  </testcase> <!-- TC_0029_Validate_QELeadArchitectIndiaAN_Button_Click_ -->
  <testcase classname="test.CareersTabTest" name="TC_0030_Validate_PerformanceTesterIndia_Button_Click_" time="0.0">
    <skipped/>
  </testcase> <!-- TC_0030_Validate_PerformanceTesterIndia_Button_Click_ -->
  <testcase classname="test.CareersTabTest" name="TC_0031_PerformanceTesterIndiaAN_Button_Click_" time="0.0">
    <skipped/>
  </testcase> <!-- TC_0031_PerformanceTesterIndiaAN_Button_Click_ -->
  <testcase classname="test.CareersTabTest" name="TC_0032_DataSciMLEngIndia_Button_Click_" time="0.0">
    <skipped/>
  </testcase> <!-- TC_0032_DataSciMLEngIndia_Button_Click_ -->
  <testcase classname="test.CareersTabTest" name="TC_0033_DataSciMLEngIndiaAN_Button_Click_" time="0.0">
    <skipped/>
  </testcase> <!-- TC_0033_DataSciMLEngIndiaAN_Button_Click_ -->
  <testcase classname="test.CareersTabTest" name="TC_0034_clickSeniorQualityAutomationEngineer_Button_Click_" time="0.0">
    <skipped/>
  </testcase> <!-- TC_0034_clickSeniorQualityAutomationEngineer_Button_Click_ -->
  <testcase classname="test.CareersTabTest" name="TC_0035_clickSeniorQualityAutomationEngineerAN_Button_Click_" time="0.0">
    <skipped/>
  </testcase> <!-- TC_0035_clickSeniorQualityAutomationEngineerAN_Button_Click_ -->
  <testcase classname="test.CareersTabTest" name="TC_0036_clickSeniorQualityEngineerIndia_Button_Click_" time="0.0">
    <skipped/>
  </testcase> <!-- TC_0036_clickSeniorQualityEngineerIndia_Button_Click_ -->
  <testcase classname="test.CareersTabTest" name="TC_0037_clickSeniorQualityEngineerIndiaAN_Button_Click_" time="0.0">
    <skipped/>
  </testcase> <!-- TC_0037_clickSeniorQualityEngineerIndiaAN_Button_Click_ -->
  <testcase classname="test.CareersTabTest" name="Validate_Azure_Developer_India_TC_038" time="0.0">
    <skipped/>
  </testcase> <!-- Validate_Azure_Developer_India_TC_038 -->
  <testcase classname="test.CareersTabTest" name="Validate__Azure_Developer_India_ApplyNow_TC_039" time="0.0">
    <skipped/>
  </testcase> <!-- Validate__Azure_Developer_India_ApplyNow_TC_039 -->
  <testcase classname="test.CareersTabTest" name="Validate_Fluter_Developer_TC_040" time="0.0">
    <skipped/>
  </testcase> <!-- Validate_Fluter_Developer_TC_040 -->
  <testcase classname="test.CareersTabTest" name="Validate__Fluter_Developer_India_ApplyNow_TC_041" time="0.0">
    <skipped/>
  </testcase> <!-- Validate__Fluter_Developer_India_ApplyNow_TC_041 -->
  <testcase classname="test.CareersTabTest" name="Validate_Performance_Engineer_India_TC_042" time="0.0">
    <skipped/>
  </testcase> <!-- Validate_Performance_Engineer_India_TC_042 -->
  <testcase classname="test.CareersTabTest" name="Validate_Performance_Engineer_India_ApplyNow_TC_043" time="0.0">
    <skipped/>
  </testcase> <!-- Validate_Performance_Engineer_India_ApplyNow_TC_043 -->
  <testcase classname="test.CareersTabTest" name="Validate_ToscaQa_TC_044" time="0.0">
    <skipped/>
  </testcase> <!-- Validate_ToscaQa_TC_044 -->
  <testcase classname="test.CareersTabTest" name="Validate_ToscaQa_ApplyNow_TC_045" time="0.0">
    <skipped/>
  </testcase> <!-- Validate_ToscaQa_ApplyNow_TC_045 -->
  <testcase classname="test.CareersTabTest" name="Validate_QualityEngineer_TC_046" time="0.0">
    <skipped/>
  </testcase> <!-- Validate_QualityEngineer_TC_046 -->
  <testcase classname="test.CareersTabTest" name="Validate_QualityEngineer_ApplyNow_TC_047" time="0.0">
    <skipped/>
  </testcase> <!-- Validate_QualityEngineer_ApplyNow_TC_047 -->
  <testcase classname="test.CareersTabTest" name="Validate_ItProjectManager_TC_048" time="0.0">
    <skipped/>
  </testcase> <!-- Validate_ItProjectManager_TC_048 -->
  <testcase classname="test.CareersTabTest" name="Validate_ItProjectManager_ApplyNow_TC_049" time="0.0">
    <skipped/>
  </testcase> <!-- Validate_ItProjectManager_ApplyNow_TC_049 -->
  <testcase classname="test.CareersTabTest" name="Validate_SeniorQualityEngineer_TC_050" time="0.0">
    <skipped/>
  </testcase> <!-- Validate_SeniorQualityEngineer_TC_050 -->
  <testcase classname="test.CareersTabTest" name="Validate_SeniorQualityEngineer_ApplyNow_TC_051" time="0.0">
    <skipped/>
  </testcase> <!-- Validate_SeniorQualityEngineer_ApplyNow_TC_051 -->
  <testcase classname="test.CareersTabTest" name="Validate_QaLead_TC_052" time="0.0">
    <skipped/>
  </testcase> <!-- Validate_QaLead_TC_052 -->
  <testcase classname="test.CareersTabTest" name="Validate_QELead_ApplyNow_TC_053" time="0.0">
    <skipped/>
  </testcase> <!-- Validate_QELead_ApplyNow_TC_053 -->
  <testcase classname="test.CareersTabTest" name="Validate_BusinessIntelligence_TC_054" time="0.0">
    <skipped/>
  </testcase> <!-- Validate_BusinessIntelligence_TC_054 -->
  <testcase classname="test.CareersTabTest" name="Validate_BusinessIntelligence_ApplyNow_TC_055" time="0.0">
    <skipped/>
  </testcase> <!-- Validate_BusinessIntelligence_ApplyNow_TC_055 -->
  <testcase classname="test.CareersTabTest" name="Validate_SalseforceDeveloper_TC_056" time="0.0">
    <skipped/>
  </testcase> <!-- Validate_SalseforceDeveloper_TC_056 -->
  <testcase classname="test.CareersTabTest" name="Validate_SalseforceDeveloper_ApplyNow_TC_057" time="0.0">
    <skipped/>
  </testcase> <!-- Validate_SalseforceDeveloper_ApplyNow_TC_057 -->
  <testcase classname="test.CareersTabTest" name="Validate_RdbmsApplicationDesiger_TC_058" time="0.0">
    <skipped/>
  </testcase> <!-- Validate_RdbmsApplicationDesiger_TC_058 -->
  <testcase classname="test.CareersTabTest" name="Validate_RdbmsApplicationDesiger_ApplyNow_TC_059" time="0.0">
    <skipped/>
  </testcase> <!-- Validate_RdbmsApplicationDesiger_ApplyNow_TC_059 -->
  <testcase classname="test.ContactUsTabTest" name="Validate_ContactUs_Button_Click_TC_001" time="0.0">
    <skipped/>
  </testcase> <!-- Validate_ContactUs_Button_Click_TC_001 -->
  <testcase classname="test.ContactUsTabTest" name="Validate_Form_TC_002" time="0.0">
    <skipped/>
  </testcase> <!-- Validate_Form_TC_002 -->
  <testcase classname="test.ContactUsTabTest" name="Validate_JOIN_US_Button_click_TC_003" time="0.0">
    <skipped/>
  </testcase> <!-- Validate_JOIN_US_Button_click_TC_003 -->
  <testcase classname="test.ContactUsTabTest" name="Validate_SMS_OUTREACH_Button_click_TC_004" time="0.0">
    <skipped/>
  </testcase> <!-- Validate_SMS_OUTREACH_Button_click_TC_004 -->
  <testcase classname="test.ContactUsTabTest" name="Validate_SMS_OUTREACH_functionality_click_TC_005" time="0.0">
    <skipped/>
  </testcase> <!-- Validate_SMS_OUTREACH_functionality_click_TC_005 -->
  <testcase classname="test.ContactUsTabTest" name="Validate_LINKEDIN_Button_click_TC_006" time="0.0">
    <skipped/>
  </testcase> <!-- Validate_LINKEDIN_Button_click_TC_006 -->
</testsuite> <!-- Test -->
