<html>
<head>
<title>TestNG:  PursuitSoftwareTestSuite</title>
<link href="../testng.css" rel="stylesheet" type="text/css" />
<link href="../my-testng.css" rel="stylesheet" type="text/css" />

<style type="text/css">
.log { display: none;} 
.stack-trace { display: none;} 
</style>
<script type="text/javascript">
<!--
function flip(e) {
  current = e.style.display;
  if (current == 'block') {
    e.style.display = 'none';
    return 0;
  }
  else {
    e.style.display = 'block';
    return 1;
  }
}

function toggleBox(szDivId, elem, msg1, msg2)
{
  var res = -1;  if (document.getElementById) {
    res = flip(document.getElementById(szDivId));
  }
  else if (document.all) {
    // this is the way old msie versions work
    res = flip(document.all[szDivId]);
  }
  if(elem) {
    if(res == 0) elem.innerHTML = msg1; else elem.innerHTML = msg2;
  }

}

function toggleAllBoxes() {
  if (document.getElementsByTagName) {
    d = document.getElementsByTagName('div');
    for (i = 0; i < d.length; i++) {
      if (d[i].className == 'log') {
        flip(d[i]);
      }
    }
  }
}

// -->
</script>

</head>
<body>
<h2 align='center'>PursuitSoftwareTestSuite</h2><table border='1' align="center">
<tr>
<td>Tests passed/Failed/Skipped:</td><td>105/2/6</td>
</tr><tr>
<td>Started on:</td><td>Fri Dec 20 16:22:11 IST 2024</td>
</tr>
<tr><td>Total time:</td><td>2077 seconds (2077114 ms)</td>
</tr><tr>
<td>Included groups:</td><td></td>
</tr><tr>
<td>Excluded groups:</td><td></td>
</tr>
</table><p/>
<small><i>(Hover the method name to see the test class name)</i></small><p/>
<table width='100%' border='1' class='invocation-failed'>
<tr><td colspan='4' align='center'><b>FAILED TESTS</b></td></tr>
<tr><td><b>Test method</b></td>
<td width="30%"><b>Exception</b></td>
<td width="10%"><b>Time (seconds)</b></td>
<td><b>Instance</b></td>
</tr>
<tr>
<td title='test.BlogsAndInsightsTest.Validate_ContactUs_Button_Click_TC_003()'><b>Validate_ContactUs_Button_Click_TC_003</b><br>Test class: test.BlogsAndInsightsTest</td>
<td><div><pre>java.lang.AssertionError: expected [Contact Us - Pursuit Software] but found [Blogs &amp; Insights - Pursuit Software]
	at test.BlogsAndInsightsTest.Validate_ContactUs_Button_Click_TC_003(BlogsAndInsightsTest.java:39)
	at java.base/java.util.ArrayList.forEach(ArrayList.java:1597)
... Removed 31 stack frames</pre></div><a href='#' onClick='toggleBox("stack-trace1352532563", this, "Click to show all stack frames", "Click to hide stack frames")'>Click to show all stack frames</a>
<div class='stack-trace' id='stack-trace1352532563'><pre>java.lang.AssertionError: expected [Contact Us - Pursuit Software] but found [Blogs &amp; Insights - Pursuit Software]
	at org.testng.Assert.fail(Assert.java:99)
	at org.testng.Assert.failNotEquals(Assert.java:1037)
	at org.testng.Assert.assertEqualsImpl(Assert.java:140)
	at org.testng.Assert.assertEquals(Assert.java:122)
	at org.testng.Assert.assertEquals(Assert.java:629)
	at org.testng.Assert.assertEquals(Assert.java:639)
	at test.BlogsAndInsightsTest.Validate_ContactUs_Button_Click_TC_003(BlogsAndInsightsTest.java:39)
	at java.base/jdk.internal.reflect.DirectMethodHandleAccessor.invoke(DirectMethodHandleAccessor.java:103)
	at java.base/java.lang.reflect.Method.invoke(Method.java:580)
	at org.testng.internal.MethodInvocationHelper.invokeMethod(MethodInvocationHelper.java:133)
	at org.testng.internal.TestInvoker.invokeMethod(TestInvoker.java:598)
	at org.testng.internal.TestInvoker.retryFailed(TestInvoker.java:213)
	at org.testng.internal.MethodRunner.runInSequence(MethodRunner.java:58)
	at org.testng.internal.TestInvoker$MethodInvocationAgent.invoke(TestInvoker.java:824)
	at org.testng.internal.TestInvoker.invokeTestMethods(TestInvoker.java:146)
	at org.testng.internal.TestMethodWorker.invokeTestMethods(TestMethodWorker.java:146)
	at org.testng.internal.TestMethodWorker.run(TestMethodWorker.java:128)
	at java.base/java.util.ArrayList.forEach(ArrayList.java:1597)
	at org.testng.TestRunner.privateRun(TestRunner.java:794)
	at org.testng.TestRunner.run(TestRunner.java:596)
	at org.testng.SuiteRunner.runTest(SuiteRunner.java:377)
	at org.testng.SuiteRunner.runSequentially(SuiteRunner.java:371)
	at org.testng.SuiteRunner.privateRun(SuiteRunner.java:332)
	at org.testng.SuiteRunner.run(SuiteRunner.java:276)
	at org.testng.SuiteRunnerWorker.runSuite(SuiteRunnerWorker.java:53)
	at org.testng.SuiteRunnerWorker.run(SuiteRunnerWorker.java:96)
	at org.testng.TestNG.runSuitesSequentially(TestNG.java:1212)
	at org.testng.TestNG.runSuitesLocally(TestNG.java:1134)
	at org.testng.TestNG.runSuites(TestNG.java:1063)
	at org.testng.TestNG.run(TestNG.java:1031)
	at org.testng.remote.AbstractRemoteTestNG.run(AbstractRemoteTestNG.java:115)
	at org.testng.remote.RemoteTestNG.initAndRun(RemoteTestNG.java:293)
	at org.testng.remote.RemoteTestNG.main(RemoteTestNG.java:91)
</pre></div></td>
<td>4</td>
<td>test.BlogsAndInsightsTest@37ceb1df</td></tr>
<tr>
<td title='test.BlogsAndInsightsTest.Validate_ReadMoreAboutUs_Button_Click_TC_002()'><b>Validate_ReadMoreAboutUs_Button_Click_TC_002</b><br>Test class: test.BlogsAndInsightsTest</td>
<td><div><pre>java.lang.AssertionError: expected [About Us - Pursuit Software] but found [Blogs &amp; Insights - Pursuit Software]
	at test.BlogsAndInsightsTest.Validate_ReadMoreAboutUs_Button_Click_TC_002(BlogsAndInsightsTest.java:31)
	at java.base/java.util.ArrayList.forEach(ArrayList.java:1597)
... Removed 31 stack frames</pre></div><a href='#' onClick='toggleBox("stack-trace579077514", this, "Click to show all stack frames", "Click to hide stack frames")'>Click to show all stack frames</a>
<div class='stack-trace' id='stack-trace579077514'><pre>java.lang.AssertionError: expected [About Us - Pursuit Software] but found [Blogs &amp; Insights - Pursuit Software]
	at org.testng.Assert.fail(Assert.java:99)
	at org.testng.Assert.failNotEquals(Assert.java:1037)
	at org.testng.Assert.assertEqualsImpl(Assert.java:140)
	at org.testng.Assert.assertEquals(Assert.java:122)
	at org.testng.Assert.assertEquals(Assert.java:629)
	at org.testng.Assert.assertEquals(Assert.java:639)
	at test.BlogsAndInsightsTest.Validate_ReadMoreAboutUs_Button_Click_TC_002(BlogsAndInsightsTest.java:31)
	at java.base/jdk.internal.reflect.DirectMethodHandleAccessor.invoke(DirectMethodHandleAccessor.java:103)
	at java.base/java.lang.reflect.Method.invoke(Method.java:580)
	at org.testng.internal.MethodInvocationHelper.invokeMethod(MethodInvocationHelper.java:133)
	at org.testng.internal.TestInvoker.invokeMethod(TestInvoker.java:598)
	at org.testng.internal.TestInvoker.retryFailed(TestInvoker.java:213)
	at org.testng.internal.MethodRunner.runInSequence(MethodRunner.java:58)
	at org.testng.internal.TestInvoker$MethodInvocationAgent.invoke(TestInvoker.java:824)
	at org.testng.internal.TestInvoker.invokeTestMethods(TestInvoker.java:146)
	at org.testng.internal.TestMethodWorker.invokeTestMethods(TestMethodWorker.java:146)
	at org.testng.internal.TestMethodWorker.run(TestMethodWorker.java:128)
	at java.base/java.util.ArrayList.forEach(ArrayList.java:1597)
	at org.testng.TestRunner.privateRun(TestRunner.java:794)
	at org.testng.TestRunner.run(TestRunner.java:596)
	at org.testng.SuiteRunner.runTest(SuiteRunner.java:377)
	at org.testng.SuiteRunner.runSequentially(SuiteRunner.java:371)
	at org.testng.SuiteRunner.privateRun(SuiteRunner.java:332)
	at org.testng.SuiteRunner.run(SuiteRunner.java:276)
	at org.testng.SuiteRunnerWorker.runSuite(SuiteRunnerWorker.java:53)
	at org.testng.SuiteRunnerWorker.run(SuiteRunnerWorker.java:96)
	at org.testng.TestNG.runSuitesSequentially(TestNG.java:1212)
	at org.testng.TestNG.runSuitesLocally(TestNG.java:1134)
	at org.testng.TestNG.runSuites(TestNG.java:1063)
	at org.testng.TestNG.run(TestNG.java:1031)
	at org.testng.remote.AbstractRemoteTestNG.run(AbstractRemoteTestNG.java:115)
	at org.testng.remote.RemoteTestNG.initAndRun(RemoteTestNG.java:293)
	at org.testng.remote.RemoteTestNG.main(RemoteTestNG.java:91)
</pre></div></td>
<td>4</td>
<td>test.BlogsAndInsightsTest@37ceb1df</td></tr>
</table><p>
<table width='100%' border='1' class='invocation-passed'>
<tr><td colspan='4' align='center'><b>PASSED TESTS</b></td></tr>
<tr><td><b>Test method</b></td>
<td width="30%"><b>Exception</b></td>
<td width="10%"><b>Time (seconds)</b></td>
<td><b>Instance</b></td>
</tr>
<tr>
<td title='test.CareersTabTest.TC_0037_clickSeniorQualityEngineerIndiaAN_Button_Click_()'><b>TC_0037_clickSeniorQualityEngineerIndiaAN_Button_Click_</b><br>Test class: test.CareersTabTest</td>
<td></td>
<td>8</td>
<td>test.CareersTabTest@6200f9cb</td></tr>
<tr>
<td title='test.CareersTabTest.Validate_SeniorQualityEngineer_ApplyNow_TC_051()'><b>Validate_SeniorQualityEngineer_ApplyNow_TC_051</b><br>Test class: test.CareersTabTest</td>
<td></td>
<td>10</td>
<td>test.CareersTabTest@6200f9cb</td></tr>
<tr>
<td title='test.CareersTabTest.TC_008_Validate_videobtn_Button_Click_()'><b>TC_008_Validate_videobtn_Button_Click_</b><br>Test class: test.CareersTabTest</td>
<td></td>
<td>7</td>
<td>test.CareersTabTest@6200f9cb</td></tr>
<tr>
<td title='test.BlogsAndInsightsTest.Validate_Blog_2_Button_Click_TC_006()'><b>Validate_Blog_2_Button_Click_TC_006</b><br>Test class: test.BlogsAndInsightsTest</td>
<td></td>
<td>6</td>
<td>test.BlogsAndInsightsTest@37ceb1df</td></tr>
<tr>
<td title='test.CareersTabTest.TC_009_Validate_contactus_Button_Click_()'><b>TC_009_Validate_contactus_Button_Click_</b><br>Test class: test.CareersTabTest</td>
<td></td>
<td>10</td>
<td>test.CareersTabTest@6200f9cb</td></tr>
<tr>
<td title='test.CareersTabTest.TC_0022_Validate_QELead_Button_Click_()'><b>TC_0022_Validate_QELead_Button_Click_</b><br>Test class: test.CareersTabTest</td>
<td></td>
<td>6</td>
<td>test.CareersTabTest@6200f9cb</td></tr>
<tr>
<td title='test.HomeTabTest.CONTACT_US_HomeTab_TC_005()'><b>CONTACT_US_HomeTab_TC_005</b><br>Test class: test.HomeTabTest</td>
<td></td>
<td>5</td>
<td>test.HomeTabTest@1a677343</td></tr>
<tr>
<td title='test.CareersTabTest.TC_0017_Validate_Qualityengineeringlead2AN_Button_Click_()'><b>TC_0017_Validate_Qualityengineeringlead2AN_Button_Click_</b><br>Test class: test.CareersTabTest</td>
<td></td>
<td>8</td>
<td>test.CareersTabTest@6200f9cb</td></tr>
<tr>
<td title='test.CareersTabTest.TC_011_Validate_more_Button_Click_()'><b>TC_011_Validate_more_Button_Click_</b><br>Test class: test.CareersTabTest</td>
<td></td>
<td>12</td>
<td>test.CareersTabTest@6200f9cb</td></tr>
<tr>
<td title='test.AboutUsTabTest.Validate_Search_feature_TC_002()'><b>Validate_Search_feature_TC_002</b><br>Test class: test.AboutUsTabTest</td>
<td></td>
<td>6</td>
<td>test.AboutUsTabTest@23348b5d</td></tr>
<tr>
<td title='test.BlogsAndInsightsTest.Validate_Page_2_Button_Click_TC_004()'><b>Validate_Page_2_Button_Click_TC_004</b><br>Test class: test.BlogsAndInsightsTest</td>
<td></td>
<td>5</td>
<td>test.BlogsAndInsightsTest@37ceb1df</td></tr>
<tr>
<td title='test.CareersTabTest.TC_006_Validate_moreaboutus_Button_Click_()'><b>TC_006_Validate_moreaboutus_Button_Click_</b><br>Test class: test.CareersTabTest</td>
<td></td>
<td>11</td>
<td>test.CareersTabTest@6200f9cb</td></tr>
<tr>
<td title='test.CareersTabTest.Validate_BusinessIntelligence_TC_054()'><b>Validate_BusinessIntelligence_TC_054</b><br>Test class: test.CareersTabTest</td>
<td></td>
<td>7</td>
<td>test.CareersTabTest@6200f9cb</td></tr>
<tr>
<td title='test.AboutUsTabTest.Validate_second_JOIN_US_button_click_TC_003()'><b>Validate_second_JOIN_US_button_click_TC_003</b><br>Test class: test.AboutUsTabTest</td>
<td></td>
<td>9</td>
<td>test.AboutUsTabTest@23348b5d</td></tr>
<tr>
<td title='test.AboutUsTabTest.Verify_Nav_bar_content_change_on_scroll_down_TC_005()'><b>Verify_Nav_bar_content_change_on_scroll_down_TC_005</b><br>Test class: test.AboutUsTabTest</td>
<td></td>
<td>4</td>
<td>test.AboutUsTabTest@23348b5d</td></tr>
<tr>
<td title='test.AboutUsTabTest.Validate_About_Us_Button_Click_TC_001()'><b>Validate_About_Us_Button_Click_TC_001</b><br>Test class: test.AboutUsTabTest</td>
<td></td>
<td>4</td>
<td>test.AboutUsTabTest@23348b5d</td></tr>
<tr>
<td title='test.AboutUsTabTest.Validate_CONTACT_US_ICON_button_click_TC_011()'><b>Validate_CONTACT_US_ICON_button_click_TC_011</b><br>Test class: test.AboutUsTabTest</td>
<td></td>
<td>5</td>
<td>test.AboutUsTabTest@23348b5d</td></tr>
<tr>
<td title='test.HomeTabTest.ABOUT_US_HomeTab_TC_005()'><b>ABOUT_US_HomeTab_TC_005</b><br>Test class: test.HomeTabTest</td>
<td></td>
<td>7</td>
<td>test.HomeTabTest@1a677343</td></tr>
<tr>
<td title='test.ServicesTabTest.Validate_LearnMore_STRATEGIC_CONSULTING_Button_Click_TC_007()'><b>Validate_LearnMore_STRATEGIC_CONSULTING_Button_Click_TC_007</b><br>Test class: test.ServicesTabTest</td>
<td></td>
<td>10</td>
<td>test.ServicesTabTest@70325e14</td></tr>
<tr>
<td title='test.AboutUsTabTest.Validate_CONTACT_US_button_click_TC_006()'><b>Validate_CONTACT_US_button_click_TC_006</b><br>Test class: test.AboutUsTabTest</td>
<td></td>
<td>8</td>
<td>test.AboutUsTabTest@23348b5d</td></tr>
<tr>
<td title='test.HomeTabTest.VIEW_ALL_SERVICES_HomeTab_TC_005()'><b>VIEW_ALL_SERVICES_HomeTab_TC_005</b><br>Test class: test.HomeTabTest</td>
<td></td>
<td>8</td>
<td>test.HomeTabTest@1a677343</td></tr>
<tr>
<td title='test.CareersTabTest.TC_002_Validate_currentOpenings_Button_Click_()'><b>TC_002_Validate_currentOpenings_Button_Click_</b><br>Test class: test.CareersTabTest</td>
<td></td>
<td>4</td>
<td>test.CareersTabTest@6200f9cb</td></tr>
<tr>
<td title='test.AboutUsTabTest.Validate_PRIVACY_POLICY_button_click_TC_009()'><b>Validate_PRIVACY_POLICY_button_click_TC_009</b><br>Test class: test.AboutUsTabTest</td>
<td></td>
<td>7</td>
<td>test.AboutUsTabTest@23348b5d</td></tr>
<tr>
<td title='test.ServicesTabTest.Validate_LearnMore_CLOUD_Button_Click_TC_006()'><b>Validate_LearnMore_CLOUD_Button_Click_TC_006</b><br>Test class: test.ServicesTabTest</td>
<td></td>
<td>19</td>
<td>test.ServicesTabTest@70325e14</td></tr>
<tr>
<td title='test.HomeTabTest.Image_Slider_GET_IN_TOUCH_HomeTab_TC_005()'><b>Image_Slider_GET_IN_TOUCH_HomeTab_TC_005</b><br>Test class: test.HomeTabTest</td>
<td></td>
<td>4</td>
<td>test.HomeTabTest@1a677343</td></tr>
<tr>
<td title='test.CareersTabTest.TC_0019_Validate_QualityengineeringleadSTEAN_Button_Click_()'><b>TC_0019_Validate_QualityengineeringleadSTEAN_Button_Click_</b><br>Test class: test.CareersTabTest</td>
<td></td>
<td>9</td>
<td>test.CareersTabTest@6200f9cb</td></tr>
<tr>
<td title='test.CareersTabTest.TC_0016_Validate_Qualityengineeringlead2_Button_Click_()'><b>TC_0016_Validate_Qualityengineeringlead2_Button_Click_</b><br>Test class: test.CareersTabTest</td>
<td></td>
<td>6</td>
<td>test.CareersTabTest@6200f9cb</td></tr>
<tr>
<td title='test.CareersTabTest.TC_0031_PerformanceTesterIndiaAN_Button_Click_()'><b>TC_0031_PerformanceTesterIndiaAN_Button_Click_</b><br>Test class: test.CareersTabTest</td>
<td></td>
<td>9</td>
<td>test.CareersTabTest@6200f9cb</td></tr>
<tr>
<td title='test.CareersTabTest.Validate_Fluter_Developer_TC_040()'><b>Validate_Fluter_Developer_TC_040</b><br>Test class: test.CareersTabTest</td>
<td></td>
<td>6</td>
<td>test.CareersTabTest@6200f9cb</td></tr>
<tr>
<td title='test.CareersTabTest.Validate_QELead_ApplyNow_TC_053()'><b>Validate_QELead_ApplyNow_TC_053</b><br>Test class: test.CareersTabTest</td>
<td></td>
<td>8</td>
<td>test.CareersTabTest@6200f9cb</td></tr>
<tr>
<td title='test.ContactUsTabTest.Validate_LINKEDIN_Button_click_TC_006()'><b>Validate_LINKEDIN_Button_click_TC_006</b><br>Test class: test.ContactUsTabTest</td>
<td></td>
<td>7</td>
<td>test.ContactUsTabTest@69453e37</td></tr>
<tr>
<td title='test.HomeTabTest.WE_CAN_HELP_YOUR_BUSINESS_HomeTab_TC_003()'><b>WE_CAN_HELP_YOUR_BUSINESS_HomeTab_TC_003</b><br>Test class: test.HomeTabTest</td>
<td></td>
<td>4</td>
<td>test.HomeTabTest@1a677343</td></tr>
<tr>
<td title='test.ServicesTabTest.Validate_JOIN_US_Button_Click_TC_009()'><b>Validate_JOIN_US_Button_Click_TC_009</b><br>Test class: test.ServicesTabTest</td>
<td></td>
<td>10</td>
<td>test.ServicesTabTest@70325e14</td></tr>
<tr>
<td title='test.AboutUsTabTest.Validate_COOKIE_POLICY_button_click_TC_007()'><b>Validate_COOKIE_POLICY_button_click_TC_007</b><br>Test class: test.AboutUsTabTest</td>
<td></td>
<td>7</td>
<td>test.AboutUsTabTest@23348b5d</td></tr>
<tr>
<td title='test.CareersTabTest.TC_005_Validate_knowmoreaboutus_Button_Click_()'><b>TC_005_Validate_knowmoreaboutus_Button_Click_</b><br>Test class: test.CareersTabTest</td>
<td></td>
<td>10</td>
<td>test.CareersTabTest@6200f9cb</td></tr>
<tr>
<td title='test.CareersTabTest.TC_0032_DataSciMLEngIndia_Button_Click_()'><b>TC_0032_DataSciMLEngIndia_Button_Click_</b><br>Test class: test.CareersTabTest</td>
<td></td>
<td>6</td>
<td>test.CareersTabTest@6200f9cb</td></tr>
<tr>
<td title='test.AboutUsTabTest.Validate_first_JOIN_US_button_click_TC_003()'><b>Validate_first_JOIN_US_button_click_TC_003</b><br>Test class: test.AboutUsTabTest</td>
<td></td>
<td>10</td>
<td>test.AboutUsTabTest@23348b5d</td></tr>
<tr>
<td title='test.ServicesTabTest.Validate_LearnMore_PRODUCT_ENGINEERING_Button_Click_TC_005()'><b>Validate_LearnMore_PRODUCT_ENGINEERING_Button_Click_TC_005</b><br>Test class: test.ServicesTabTest</td>
<td></td>
<td>10</td>
<td>test.ServicesTabTest@70325e14</td></tr>
<tr>
<td title='test.CareersTabTest.Validate_ToscaQa_ApplyNow_TC_045()'><b>Validate_ToscaQa_ApplyNow_TC_045</b><br>Test class: test.CareersTabTest</td>
<td></td>
<td>8</td>
<td>test.CareersTabTest@6200f9cb</td></tr>
<tr>
<td title='test.ContactUsTabTest.Validate_SMS_OUTREACH_functionality_click_TC_005()'><b>Validate_SMS_OUTREACH_functionality_click_TC_005</b><br>Test class: test.ContactUsTabTest</td>
<td></td>
<td>12</td>
<td>test.ContactUsTabTest@69453e37</td></tr>
<tr>
<td title='test.CareersTabTest.TC_004_Validate_joinus_Button_Click_()'><b>TC_004_Validate_joinus_Button_Click_</b><br>Test class: test.CareersTabTest</td>
<td></td>
<td>9</td>
<td>test.CareersTabTest@6200f9cb</td></tr>
<tr>
<td title='test.HomeTabTest.Image_Slider_HomeTab_TC_002()'><b>Image_Slider_HomeTab_TC_002</b><br>Test class: test.HomeTabTest</td>
<td></td>
<td>2</td>
<td>test.HomeTabTest@1a677343</td></tr>
<tr>
<td title='test.BlogsAndInsightsTest.Validate_Blog_4_Button_Click_TC_010()'><b>Validate_Blog_4_Button_Click_TC_010</b><br>Test class: test.BlogsAndInsightsTest</td>
<td></td>
<td>9</td>
<td>test.BlogsAndInsightsTest@37ceb1df</td></tr>
<tr>
<td title='test.CareersTabTest.TC_001_Validate_Career_Button_Click_()'><b>TC_001_Validate_Career_Button_Click_</b><br>Test class: test.CareersTabTest</td>
<td></td>
<td>9</td>
<td>test.CareersTabTest@6200f9cb</td></tr>
<tr>
<td title='test.ContactUsTabTest.Validate_SMS_OUTREACH_Button_click_TC_004()'><b>Validate_SMS_OUTREACH_Button_click_TC_004</b><br>Test class: test.ContactUsTabTest</td>
<td></td>
<td>31</td>
<td>test.ContactUsTabTest@69453e37</td></tr>
<tr>
<td title='test.CareersTabTest.TC_0023_Validate_QELeadAN_Button_Click_()'><b>TC_0023_Validate_QELeadAN_Button_Click_</b><br>Test class: test.CareersTabTest</td>
<td></td>
<td>8</td>
<td>test.CareersTabTest@6200f9cb</td></tr>
<tr>
<td title='test.HomeTabTest.ARE_YOU_READY_TO_START_HomeTab_TC_005()'><b>ARE_YOU_READY_TO_START_HomeTab_TC_005</b><br>Test class: test.HomeTabTest</td>
<td></td>
<td>5</td>
<td>test.HomeTabTest@1a677343</td></tr>
<tr>
<td title='test.CareersTabTest.TC_0012_Validate_viewourjobopenings_Button_Click_()'><b>TC_0012_Validate_viewourjobopenings_Button_Click_</b><br>Test class: test.CareersTabTest</td>
<td></td>
<td>6</td>
<td>test.CareersTabTest@6200f9cb</td></tr>
<tr>
<td title='test.CareersTabTest.Validate_QualityEngineer_TC_046()'><b>Validate_QualityEngineer_TC_046</b><br>Test class: test.CareersTabTest</td>
<td></td>
<td>7</td>
<td>test.CareersTabTest@6200f9cb</td></tr>
<tr>
<td title='test.CareersTabTest.TC_0024_Validate_SAPSDFunctionalConsultant_Button_Click_()'><b>TC_0024_Validate_SAPSDFunctionalConsultant_Button_Click_</b><br>Test class: test.CareersTabTest</td>
<td></td>
<td>7</td>
<td>test.CareersTabTest@6200f9cb</td></tr>
<tr>
<td title='test.CareersTabTest.TC_0018_Validate_QualityengineeringleadSTE_Button_Click_()'><b>TC_0018_Validate_QualityengineeringleadSTE_Button_Click_</b><br>Test class: test.CareersTabTest</td>
<td></td>
<td>6</td>
<td>test.CareersTabTest@6200f9cb</td></tr>
<tr>
<td title='test.CareersTabTest.Validate_SalseforceDeveloper_ApplyNow_TC_057()'><b>Validate_SalseforceDeveloper_ApplyNow_TC_057</b><br>Test class: test.CareersTabTest</td>
<td></td>
<td>10</td>
<td>test.CareersTabTest@6200f9cb</td></tr>
<tr>
<td title='test.CareersTabTest.TC_0034_clickSeniorQualityAutomationEngineer_Button_Click_()'><b>TC_0034_clickSeniorQualityAutomationEngineer_Button_Click_</b><br>Test class: test.CareersTabTest</td>
<td></td>
<td>7</td>
<td>test.CareersTabTest@6200f9cb</td></tr>
<tr>
<td title='test.ServicesTabTest.Validate_Services_Button_Click_TC_001()'><b>Validate_Services_Button_Click_TC_001</b><br>Test class: test.ServicesTabTest</td>
<td></td>
<td>4</td>
<td>test.ServicesTabTest@70325e14</td></tr>
<tr>
<td title='test.CareersTabTest.Validate_Performance_Engineer_India_TC_042()'><b>Validate_Performance_Engineer_India_TC_042</b><br>Test class: test.CareersTabTest</td>
<td></td>
<td>6</td>
<td>test.CareersTabTest@6200f9cb</td></tr>
<tr>
<td title='test.CareersTabTest.TC_0028_Validate_QELeadArchitectIndia_Button_Click_()'><b>TC_0028_Validate_QELeadArchitectIndia_Button_Click_</b><br>Test class: test.CareersTabTest</td>
<td></td>
<td>6</td>
<td>test.CareersTabTest@6200f9cb</td></tr>
<tr>
<td title='test.CareersTabTest.TC_0027_Validate_SeniorNetAN_Button_Click_()'><b>TC_0027_Validate_SeniorNetAN_Button_Click_</b><br>Test class: test.CareersTabTest</td>
<td></td>
<td>9</td>
<td>test.CareersTabTest@6200f9cb</td></tr>
<tr>
<td title='test.CareersTabTest.TC_0021_Validate_clickSeniorQEDataTestingAN_Button_Click_()'><b>TC_0021_Validate_clickSeniorQEDataTestingAN_Button_Click_</b><br>Test class: test.CareersTabTest</td>
<td></td>
<td>8</td>
<td>test.CareersTabTest@6200f9cb</td></tr>
<tr>
<td title='test.CareersTabTest.TC_0026_Validate_SeniorNet_Button_Click_()'><b>TC_0026_Validate_SeniorNet_Button_Click_</b><br>Test class: test.CareersTabTest</td>
<td></td>
<td>7</td>
<td>test.CareersTabTest@6200f9cb</td></tr>
<tr>
<td title='test.BlogsAndInsightsTest.Validate_Blog_4_Button_Click_TC_009()'><b>Validate_Blog_4_Button_Click_TC_009</b><br>Test class: test.BlogsAndInsightsTest</td>
<td></td>
<td>9</td>
<td>test.BlogsAndInsightsTest@37ceb1df</td></tr>
<tr>
<td title='test.CareersTabTest.Validate_SeniorQualityEngineer_TC_050()'><b>Validate_SeniorQualityEngineer_TC_050</b><br>Test class: test.CareersTabTest</td>
<td></td>
<td>7</td>
<td>test.CareersTabTest@6200f9cb</td></tr>
<tr>
<td title='test.CareersTabTest.TC_0014_Validate_Qualityengineeringlead_Button_Click_()'><b>TC_0014_Validate_Qualityengineeringlead_Button_Click_</b><br>Test class: test.CareersTabTest</td>
<td></td>
<td>6</td>
<td>test.CareersTabTest@6200f9cb</td></tr>
<tr>
<td title='test.CareersTabTest.Validate_SalseforceDeveloper_TC_056()'><b>Validate_SalseforceDeveloper_TC_056</b><br>Test class: test.CareersTabTest</td>
<td></td>
<td>7</td>
<td>test.CareersTabTest@6200f9cb</td></tr>
<tr>
<td title='test.HomeTabTest.Image_Slider_FIND_OUT_MORE_ABOUT_US_HomeTab_TC_005()'><b>Image_Slider_FIND_OUT_MORE_ABOUT_US_HomeTab_TC_005</b><br>Test class: test.HomeTabTest</td>
<td></td>
<td>4</td>
<td>test.HomeTabTest@1a677343</td></tr>
<tr>
<td title='test.CareersTabTest.Validate_QaLead_TC_052()'><b>Validate_QaLead_TC_052</b><br>Test class: test.CareersTabTest</td>
<td></td>
<td>6</td>
<td>test.CareersTabTest@6200f9cb</td></tr>
<tr>
<td title='test.ServicesTabTest.Validate_CLOUD_Button_Click_TC_003()'><b>Validate_CLOUD_Button_Click_TC_003</b><br>Test class: test.ServicesTabTest</td>
<td></td>
<td>11</td>
<td>test.ServicesTabTest@70325e14</td></tr>
<tr>
<td title='test.CareersTabTest.Validate_RdbmsApplicationDesiger_ApplyNow_TC_059()'><b>Validate_RdbmsApplicationDesiger_ApplyNow_TC_059</b><br>Test class: test.CareersTabTest</td>
<td></td>
<td>9</td>
<td>test.CareersTabTest@6200f9cb</td></tr>
<tr>
<td title='test.CareersTabTest.TC_0020_Validate_clickSeniorQEDataTesting_Button_Click_()'><b>TC_0020_Validate_clickSeniorQEDataTesting_Button_Click_</b><br>Test class: test.CareersTabTest</td>
<td></td>
<td>6</td>
<td>test.CareersTabTest@6200f9cb</td></tr>
<tr>
<td title='test.BlogsAndInsightsTest.Validate_Blog_4_Button_Click_TC_008()'><b>Validate_Blog_4_Button_Click_TC_008</b><br>Test class: test.BlogsAndInsightsTest</td>
<td></td>
<td>8</td>
<td>test.BlogsAndInsightsTest@37ceb1df</td></tr>
<tr>
<td title='test.HomeTabTest.AVAILABLE_JOBS_HomeTab_TC_005()'><b>AVAILABLE_JOBS_HomeTab_TC_005</b><br>Test class: test.HomeTabTest</td>
<td></td>
<td>6</td>
<td>test.HomeTabTest@1a677343</td></tr>
<tr>
<td title='test.ContactUsTabTest.Validate_ContactUs_Button_Click_TC_001()'><b>Validate_ContactUs_Button_Click_TC_001</b><br>Test class: test.ContactUsTabTest</td>
<td></td>
<td>3</td>
<td>test.ContactUsTabTest@69453e37</td></tr>
<tr>
<td title='test.CareersTabTest.TC_0033_DataSciMLEngIndiaAN_Button_Click_()'><b>TC_0033_DataSciMLEngIndiaAN_Button_Click_</b><br>Test class: test.CareersTabTest</td>
<td></td>
<td>8</td>
<td>test.CareersTabTest@6200f9cb</td></tr>
<tr>
<td title='test.BlogsAndInsightsTest.Validate_BlogsAndInsights_Button_Click_TC_001()'><b>Validate_BlogsAndInsights_Button_Click_TC_001</b><br>Test class: test.BlogsAndInsightsTest</td>
<td></td>
<td>2</td>
<td>test.BlogsAndInsightsTest@37ceb1df</td></tr>
<tr>
<td title='test.CareersTabTest.Validate__Fluter_Developer_India_ApplyNow_TC_041()'><b>Validate__Fluter_Developer_India_ApplyNow_TC_041</b><br>Test class: test.CareersTabTest</td>
<td></td>
<td>8</td>
<td>test.CareersTabTest@6200f9cb</td></tr>
<tr>
<td title='test.CareersTabTest.TC_0013_Validate_joinuscurrent_Button_Click_()'><b>TC_0013_Validate_joinuscurrent_Button_Click_</b><br>Test class: test.CareersTabTest</td>
<td></td>
<td>10</td>
<td>test.CareersTabTest@6200f9cb</td></tr>
<tr>
<td title='test.ContactUsTabTest.Validate_Form_TC_002()'><b>Validate_Form_TC_002</b><br>Test class: test.ContactUsTabTest</td>
<td></td>
<td>8</td>
<td>test.ContactUsTabTest@69453e37</td></tr>
<tr>
<td title='test.CareersTabTest.TC_0030_Validate_PerformanceTesterIndia_Button_Click_()'><b>TC_0030_Validate_PerformanceTesterIndia_Button_Click_</b><br>Test class: test.CareersTabTest</td>
<td></td>
<td>6</td>
<td>test.CareersTabTest@6200f9cb</td></tr>
<tr>
<td title='test.CareersTabTest.Validate_ToscaQa_TC_044()'><b>Validate_ToscaQa_TC_044</b><br>Test class: test.CareersTabTest</td>
<td></td>
<td>6</td>
<td>test.CareersTabTest@6200f9cb</td></tr>
<tr>
<td title='test.CareersTabTest.TC_010_Validate_contactuss_Button_Click_()'><b>TC_010_Validate_contactuss_Button_Click_</b><br>Test class: test.CareersTabTest</td>
<td></td>
<td>14</td>
<td>test.CareersTabTest@6200f9cb</td></tr>
<tr>
<td title='test.BlogsAndInsightsTest.Validate_Blog_1_Button_Click_TC_005()'><b>Validate_Blog_1_Button_Click_TC_005</b><br>Test class: test.BlogsAndInsightsTest</td>
<td></td>
<td>6</td>
<td>test.BlogsAndInsightsTest@37ceb1df</td></tr>
<tr>
<td title='test.CareersTabTest.Validate__Azure_Developer_India_ApplyNow_TC_039()'><b>Validate__Azure_Developer_India_ApplyNow_TC_039</b><br>Test class: test.CareersTabTest</td>
<td></td>
<td>8</td>
<td>test.CareersTabTest@6200f9cb</td></tr>
<tr>
<td title='test.CareersTabTest.Validate_Performance_Engineer_India_ApplyNow_TC_043()'><b>Validate_Performance_Engineer_India_ApplyNow_TC_043</b><br>Test class: test.CareersTabTest</td>
<td></td>
<td>8</td>
<td>test.CareersTabTest@6200f9cb</td></tr>
<tr>
<td title='test.ContactUsTabTest.Validate_JOIN_US_Button_click_TC_003()'><b>Validate_JOIN_US_Button_click_TC_003</b><br>Test class: test.ContactUsTabTest</td>
<td></td>
<td>9</td>
<td>test.ContactUsTabTest@69453e37</td></tr>
<tr>
<td title='test.ServicesTabTest.Validate_STRATEGIC_CONSULTING_Button_Click_TC_004()'><b>Validate_STRATEGIC_CONSULTING_Button_Click_TC_004</b><br>Test class: test.ServicesTabTest</td>
<td></td>
<td>4</td>
<td>test.ServicesTabTest@70325e14</td></tr>
<tr>
<td title='test.CareersTabTest.Validate_ItProjectManager_ApplyNow_TC_049()'><b>Validate_ItProjectManager_ApplyNow_TC_049</b><br>Test class: test.CareersTabTest</td>
<td></td>
<td>9</td>
<td>test.CareersTabTest@6200f9cb</td></tr>
<tr>
<td title='test.AboutUsTabTest.Validate_TERMS_AND_CONDITIONS_button_click_TC_008()'><b>Validate_TERMS_AND_CONDITIONS_button_click_TC_008</b><br>Test class: test.AboutUsTabTest</td>
<td></td>
<td>7</td>
<td>test.AboutUsTabTest@23348b5d</td></tr>
<tr>
<td title='test.CareersTabTest.TC_0035_clickSeniorQualityAutomationEngineerAN_Button_Click_()'><b>TC_0035_clickSeniorQualityAutomationEngineerAN_Button_Click_</b><br>Test class: test.CareersTabTest</td>
<td></td>
<td>8</td>
<td>test.CareersTabTest@6200f9cb</td></tr>
<tr>
<td title='test.CareersTabTest.TC_0029_Validate_QELeadArchitectIndiaAN_Button_Click_()'><b>TC_0029_Validate_QELeadArchitectIndiaAN_Button_Click_</b><br>Test class: test.CareersTabTest</td>
<td></td>
<td>8</td>
<td>test.CareersTabTest@6200f9cb</td></tr>
<tr>
<td title='test.CareersTabTest.TC_0015_Validate_QualityengineeringleadAN_Button_Click_()'><b>TC_0015_Validate_QualityengineeringleadAN_Button_Click_</b><br>Test class: test.CareersTabTest</td>
<td></td>
<td>8</td>
<td>test.CareersTabTest@6200f9cb</td></tr>
<tr>
<td title='test.CareersTabTest.TC_003_Validate_joinus_Button_Click_()'><b>TC_003_Validate_joinus_Button_Click_</b><br>Test class: test.CareersTabTest</td>
<td></td>
<td>5</td>
<td>test.CareersTabTest@6200f9cb</td></tr>
<tr>
<td title='test.CareersTabTest.Validate_QualityEngineer_ApplyNow_TC_047()'><b>Validate_QualityEngineer_ApplyNow_TC_047</b><br>Test class: test.CareersTabTest</td>
<td></td>
<td>8</td>
<td>test.CareersTabTest@6200f9cb</td></tr>
<tr>
<td title='test.HomeTabTest.MORE_ABOUT_US_HomeTab_TC_004()'><b>MORE_ABOUT_US_HomeTab_TC_004</b><br>Test class: test.HomeTabTest</td>
<td></td>
<td>4</td>
<td>test.HomeTabTest@1a677343</td></tr>
<tr>
<td title='test.CareersTabTest.TC_0036_clickSeniorQualityEngineerIndia_Button_Click_()'><b>TC_0036_clickSeniorQualityEngineerIndia_Button_Click_</b><br>Test class: test.CareersTabTest</td>
<td></td>
<td>6</td>
<td>test.CareersTabTest@6200f9cb</td></tr>
<tr>
<td title='test.ServicesTabTest.Validate_PRODUCT_ENGINEERING_Button_Click_TC_002()'><b>Validate_PRODUCT_ENGINEERING_Button_Click_TC_002</b><br>Test class: test.ServicesTabTest</td>
<td></td>
<td>8</td>
<td>test.ServicesTabTest@70325e14</td></tr>
<tr>
<td title='test.HomeTabTest.Home_UI_landing_Page_HomeTab_TC_001()'><b>Home_UI_landing_Page_HomeTab_TC_001</b><br>Test class: test.HomeTabTest</td>
<td></td>
<td>4</td>
<td>test.HomeTabTest@1a677343</td></tr>
<tr>
<td title='test.CareersTabTest.Validate_ItProjectManager_TC_048()'><b>Validate_ItProjectManager_TC_048</b><br>Test class: test.CareersTabTest</td>
<td></td>
<td>7</td>
<td>test.CareersTabTest@6200f9cb</td></tr>
<tr>
<td title='test.CareersTabTest.Validate_RdbmsApplicationDesiger_TC_058()'><b>Validate_RdbmsApplicationDesiger_TC_058</b><br>Test class: test.CareersTabTest</td>
<td></td>
<td>7</td>
<td>test.CareersTabTest@6200f9cb</td></tr>
<tr>
<td title='test.HomeTabTest.GET_IN_TOUCH_HomeTab_TC_005()'><b>GET_IN_TOUCH_HomeTab_TC_005</b><br>Test class: test.HomeTabTest</td>
<td></td>
<td>5</td>
<td>test.HomeTabTest@1a677343</td></tr>
<tr>
<td title='test.CareersTabTest.Validate_Azure_Developer_India_TC_038()'><b>Validate_Azure_Developer_India_TC_038</b><br>Test class: test.CareersTabTest</td>
<td></td>
<td>6</td>
<td>test.CareersTabTest@6200f9cb</td></tr>
<tr>
<td title='test.ServicesTabTest.Validate_CONTACT_US_Button_Click_TC_008()'><b>Validate_CONTACT_US_Button_Click_TC_008</b><br>Test class: test.ServicesTabTest</td>
<td></td>
<td>15</td>
<td>test.ServicesTabTest@70325e14</td></tr>
<tr>
<td title='test.CareersTabTest.TC_0025_Validate_SAPSDFunctionalConsultantAN_Button_Click_()'><b>TC_0025_Validate_SAPSDFunctionalConsultantAN_Button_Click_</b><br>Test class: test.CareersTabTest</td>
<td></td>
<td>9</td>
<td>test.CareersTabTest@6200f9cb</td></tr>
<tr>
<td title='test.BlogsAndInsightsTest.Validate_Blog_3_Button_Click_TC_007()'><b>Validate_Blog_3_Button_Click_TC_007</b><br>Test class: test.BlogsAndInsightsTest</td>
<td></td>
<td>6</td>
<td>test.BlogsAndInsightsTest@37ceb1df</td></tr>
<tr>
<td title='test.CareersTabTest.Validate_BusinessIntelligence_ApplyNow_TC_055()'><b>Validate_BusinessIntelligence_ApplyNow_TC_055</b><br>Test class: test.CareersTabTest</td>
<td></td>
<td>9</td>
<td>test.CareersTabTest@6200f9cb</td></tr>
<tr>
<td title='test.AboutUsTabTest.Validate_LINKED_IN_ICON_button_click_TC_010()'><b>Validate_LINKED_IN_ICON_button_click_TC_010</b><br>Test class: test.AboutUsTabTest</td>
<td></td>
<td>5</td>
<td>test.AboutUsTabTest@23348b5d</td></tr>
<tr>
<td title='test.CareersTabTest.TC_007_Validate_getintouch_Button_Click_()'><b>TC_007_Validate_getintouch_Button_Click_</b><br>Test class: test.CareersTabTest</td>
<td></td>
<td>11</td>
<td>test.CareersTabTest@6200f9cb</td></tr>
</table><p>
<table width='100%' border='1' class='invocation-skipped'>
<tr><td colspan='4' align='center'><b>SKIPPED TESTS</b></td></tr>
<tr><td><b>Test method</b></td>
<td width="30%"><b>Exception</b></td>
<td width="10%"><b>Time (seconds)</b></td>
<td><b>Instance</b></td>
</tr>
<tr>
<td title='test.CareersTabTest.TC_0024_Validate_SAPSDFunctionalConsultant_Button_Click_()'><b>TC_0024_Validate_SAPSDFunctionalConsultant_Button_Click_</b><br>Test class: test.CareersTabTest</td>
<td><div><pre>org.openqa.selenium.TimeoutException: Expected condition failed: waiting for element to be clickable: By.xpath: /html/body/div/section[1]//div[@class=&apos;brz-columns brz-css-biyPx brz-css-hmuat&apos;]/div[2]/div/div/nav/ul[@class=&apos;brz-menu__ul&apos;]/li[5]/ul[@class=&apos;brz-menu__sub-menu&apos;]/li[1] (tried for 20 second(s) with 500 milliseconds interval)
Build info: version: &apos;4.12.1&apos;, revision: &apos;8e34639b11&apos;
System info: os.name: &apos;Windows 11&apos;, os.arch: &apos;amd64&apos;, os.version: &apos;10.0&apos;, java.version: &apos;23.0.1&apos;
Driver info: org.openqa.selenium.edge.EdgeDriver
Capabilities {acceptInsecureCerts: false, browserName: MicrosoftEdge, browserVersion: 131.0.2903.99, fedcm:accounts: true, ms:edgeOptions: {debuggerAddress: localhost:64630}, msedge: {msedgedriverVersion: 131.0.2903.99 (f96a870b1316..., userDataDir: C:\Users\HARSHI~1\AppData\L...}, networkConnectionEnabled: false, pageLoadStrategy: normal, platformName: windows, proxy: Proxy(), se:cdp: ws://localhost:64630/devtoo..., se:cdpVersion: 131.0.2903.99, setWindowRect: true, strictFileInteractability: false, timeouts: {implicit: 0, pageLoad: 300000, script: 30000}, unhandledPromptBehavior: dismiss and notify, webauthn:extension:credBlob: true, webauthn:extension:largeBlob: true, webauthn:extension:minPinLength: true, webauthn:extension:prf: true, webauthn:virtualAuthenticators: true}
Session ID: 3376cf4de1146def7d696f3958491a86
	at org.openqa.selenium.support.ui.WebDriverWait.timeoutException(WebDriverWait.java:84)
	at org.openqa.selenium.support.ui.FluentWait.until(FluentWait.java:230)
	at helper.Interactions.clickElement(Interactions.java:26)
	at pages.CareersTab.currentOpening(CareersTab.java:44)
	at test.CareersTabTest.lambda$1(CareersTabTest.java:18)
	at helper.Interactions.executeWithDelay(Interactions.java:72)
	at test.CareersTabTest.initialTest(CareersTabTest.java:18)
	at test.CareersTabTest.TC_0024_Validate_SAPSDFunctionalConsultant_Button_Click_(CareersTabTest.java:290)
	at java.base/java.util.ArrayList.forEach(ArrayList.java:1597)
... Removed 25 stack frames</pre></div><a href='#' onClick='toggleBox("stack-trace1089646163", this, "Click to show all stack frames", "Click to hide stack frames")'>Click to show all stack frames</a>
<div class='stack-trace' id='stack-trace1089646163'><pre>org.openqa.selenium.TimeoutException: Expected condition failed: waiting for element to be clickable: By.xpath: /html/body/div/section[1]//div[@class=&apos;brz-columns brz-css-biyPx brz-css-hmuat&apos;]/div[2]/div/div/nav/ul[@class=&apos;brz-menu__ul&apos;]/li[5]/ul[@class=&apos;brz-menu__sub-menu&apos;]/li[1] (tried for 20 second(s) with 500 milliseconds interval)
Build info: version: &apos;4.12.1&apos;, revision: &apos;8e34639b11&apos;
System info: os.name: &apos;Windows 11&apos;, os.arch: &apos;amd64&apos;, os.version: &apos;10.0&apos;, java.version: &apos;23.0.1&apos;
Driver info: org.openqa.selenium.edge.EdgeDriver
Capabilities {acceptInsecureCerts: false, browserName: MicrosoftEdge, browserVersion: 131.0.2903.99, fedcm:accounts: true, ms:edgeOptions: {debuggerAddress: localhost:64630}, msedge: {msedgedriverVersion: 131.0.2903.99 (f96a870b1316..., userDataDir: C:\Users\HARSHI~1\AppData\L...}, networkConnectionEnabled: false, pageLoadStrategy: normal, platformName: windows, proxy: Proxy(), se:cdp: ws://localhost:64630/devtoo..., se:cdpVersion: 131.0.2903.99, setWindowRect: true, strictFileInteractability: false, timeouts: {implicit: 0, pageLoad: 300000, script: 30000}, unhandledPromptBehavior: dismiss and notify, webauthn:extension:credBlob: true, webauthn:extension:largeBlob: true, webauthn:extension:minPinLength: true, webauthn:extension:prf: true, webauthn:virtualAuthenticators: true}
Session ID: 3376cf4de1146def7d696f3958491a86
	at org.openqa.selenium.support.ui.WebDriverWait.timeoutException(WebDriverWait.java:84)
	at org.openqa.selenium.support.ui.FluentWait.until(FluentWait.java:230)
	at helper.Interactions.clickElement(Interactions.java:26)
	at pages.CareersTab.currentOpening(CareersTab.java:44)
	at test.CareersTabTest.lambda$1(CareersTabTest.java:18)
	at helper.Interactions.executeWithDelay(Interactions.java:72)
	at test.CareersTabTest.initialTest(CareersTabTest.java:18)
	at test.CareersTabTest.TC_0024_Validate_SAPSDFunctionalConsultant_Button_Click_(CareersTabTest.java:290)
	at java.base/jdk.internal.reflect.DirectMethodHandleAccessor.invoke(DirectMethodHandleAccessor.java:103)
	at java.base/java.lang.reflect.Method.invoke(Method.java:580)
	at org.testng.internal.MethodInvocationHelper.invokeMethod(MethodInvocationHelper.java:133)
	at org.testng.internal.TestInvoker.invokeMethod(TestInvoker.java:598)
	at org.testng.internal.TestInvoker.invokeTestMethod(TestInvoker.java:173)
	at org.testng.internal.MethodRunner.runInSequence(MethodRunner.java:46)
	at org.testng.internal.TestInvoker$MethodInvocationAgent.invoke(TestInvoker.java:824)
	at org.testng.internal.TestInvoker.invokeTestMethods(TestInvoker.java:146)
	at org.testng.internal.TestMethodWorker.invokeTestMethods(TestMethodWorker.java:146)
	at org.testng.internal.TestMethodWorker.run(TestMethodWorker.java:128)
	at java.base/java.util.ArrayList.forEach(ArrayList.java:1597)
	at org.testng.TestRunner.privateRun(TestRunner.java:794)
	at org.testng.TestRunner.run(TestRunner.java:596)
	at org.testng.SuiteRunner.runTest(SuiteRunner.java:377)
	at org.testng.SuiteRunner.runSequentially(SuiteRunner.java:371)
	at org.testng.SuiteRunner.privateRun(SuiteRunner.java:332)
	at org.testng.SuiteRunner.run(SuiteRunner.java:276)
	at org.testng.SuiteRunnerWorker.runSuite(SuiteRunnerWorker.java:53)
	at org.testng.SuiteRunnerWorker.run(SuiteRunnerWorker.java:96)
	at org.testng.TestNG.runSuitesSequentially(TestNG.java:1212)
	at org.testng.TestNG.runSuitesLocally(TestNG.java:1134)
	at org.testng.TestNG.runSuites(TestNG.java:1063)
	at org.testng.TestNG.run(TestNG.java:1031)
	at org.testng.remote.AbstractRemoteTestNG.run(AbstractRemoteTestNG.java:115)
	at org.testng.remote.RemoteTestNG.initAndRun(RemoteTestNG.java:293)
	at org.testng.remote.RemoteTestNG.main(RemoteTestNG.java:91)
</pre></div></td>
<td>21</td>
<td>test.CareersTabTest@6200f9cb</td></tr>
<tr>
<td title='test.CareersTabTest.Validate_ItProjectManager_TC_048()'><b>Validate_ItProjectManager_TC_048</b><br>Test class: test.CareersTabTest</td>
<td><div><pre>org.openqa.selenium.TimeoutException: Expected condition failed: waiting for element to be clickable: By.xpath: /html/body/div/section[1]//div[@class=&apos;brz-columns brz-css-biyPx brz-css-hmuat&apos;]/div[2]/div/div/nav/ul[@class=&apos;brz-menu__ul&apos;]/li[5]/ul[@class=&apos;brz-menu__sub-menu&apos;]/li[1] (tried for 20 second(s) with 500 milliseconds interval)
Build info: version: &apos;4.12.1&apos;, revision: &apos;8e34639b11&apos;
System info: os.name: &apos;Windows 11&apos;, os.arch: &apos;amd64&apos;, os.version: &apos;10.0&apos;, java.version: &apos;23.0.1&apos;
Driver info: org.openqa.selenium.edge.EdgeDriver
Capabilities {acceptInsecureCerts: false, browserName: MicrosoftEdge, browserVersion: 131.0.2903.99, fedcm:accounts: true, ms:edgeOptions: {debuggerAddress: localhost:51532}, msedge: {msedgedriverVersion: 131.0.2903.99 (f96a870b1316..., userDataDir: C:\Users\HARSHI~1\AppData\L...}, networkConnectionEnabled: false, pageLoadStrategy: normal, platformName: windows, proxy: Proxy(), se:cdp: ws://localhost:51532/devtoo..., se:cdpVersion: 131.0.2903.99, setWindowRect: true, strictFileInteractability: false, timeouts: {implicit: 0, pageLoad: 300000, script: 30000}, unhandledPromptBehavior: dismiss and notify, webauthn:extension:credBlob: true, webauthn:extension:largeBlob: true, webauthn:extension:minPinLength: true, webauthn:extension:prf: true, webauthn:virtualAuthenticators: true}
Session ID: cfa972483a181900fe5a088c533c9324
	at org.openqa.selenium.support.ui.WebDriverWait.timeoutException(WebDriverWait.java:84)
	at org.openqa.selenium.support.ui.FluentWait.until(FluentWait.java:230)
	at helper.Interactions.clickElement(Interactions.java:26)
	at pages.CareersTab.currentOpening(CareersTab.java:44)
	at test.CareersTabTest.lambda$1(CareersTabTest.java:18)
	at helper.Interactions.executeWithDelay(Interactions.java:72)
	at test.CareersTabTest.initialTest(CareersTabTest.java:18)
	at test.CareersTabTest.Validate_ItProjectManager_TC_048(CareersTabTest.java:545)
	at java.base/java.util.ArrayList.forEach(ArrayList.java:1597)
... Removed 25 stack frames</pre></div><a href='#' onClick='toggleBox("stack-trace15564089", this, "Click to show all stack frames", "Click to hide stack frames")'>Click to show all stack frames</a>
<div class='stack-trace' id='stack-trace15564089'><pre>org.openqa.selenium.TimeoutException: Expected condition failed: waiting for element to be clickable: By.xpath: /html/body/div/section[1]//div[@class=&apos;brz-columns brz-css-biyPx brz-css-hmuat&apos;]/div[2]/div/div/nav/ul[@class=&apos;brz-menu__ul&apos;]/li[5]/ul[@class=&apos;brz-menu__sub-menu&apos;]/li[1] (tried for 20 second(s) with 500 milliseconds interval)
Build info: version: &apos;4.12.1&apos;, revision: &apos;8e34639b11&apos;
System info: os.name: &apos;Windows 11&apos;, os.arch: &apos;amd64&apos;, os.version: &apos;10.0&apos;, java.version: &apos;23.0.1&apos;
Driver info: org.openqa.selenium.edge.EdgeDriver
Capabilities {acceptInsecureCerts: false, browserName: MicrosoftEdge, browserVersion: 131.0.2903.99, fedcm:accounts: true, ms:edgeOptions: {debuggerAddress: localhost:51532}, msedge: {msedgedriverVersion: 131.0.2903.99 (f96a870b1316..., userDataDir: C:\Users\HARSHI~1\AppData\L...}, networkConnectionEnabled: false, pageLoadStrategy: normal, platformName: windows, proxy: Proxy(), se:cdp: ws://localhost:51532/devtoo..., se:cdpVersion: 131.0.2903.99, setWindowRect: true, strictFileInteractability: false, timeouts: {implicit: 0, pageLoad: 300000, script: 30000}, unhandledPromptBehavior: dismiss and notify, webauthn:extension:credBlob: true, webauthn:extension:largeBlob: true, webauthn:extension:minPinLength: true, webauthn:extension:prf: true, webauthn:virtualAuthenticators: true}
Session ID: cfa972483a181900fe5a088c533c9324
	at org.openqa.selenium.support.ui.WebDriverWait.timeoutException(WebDriverWait.java:84)
	at org.openqa.selenium.support.ui.FluentWait.until(FluentWait.java:230)
	at helper.Interactions.clickElement(Interactions.java:26)
	at pages.CareersTab.currentOpening(CareersTab.java:44)
	at test.CareersTabTest.lambda$1(CareersTabTest.java:18)
	at helper.Interactions.executeWithDelay(Interactions.java:72)
	at test.CareersTabTest.initialTest(CareersTabTest.java:18)
	at test.CareersTabTest.Validate_ItProjectManager_TC_048(CareersTabTest.java:545)
	at java.base/jdk.internal.reflect.DirectMethodHandleAccessor.invoke(DirectMethodHandleAccessor.java:103)
	at java.base/java.lang.reflect.Method.invoke(Method.java:580)
	at org.testng.internal.MethodInvocationHelper.invokeMethod(MethodInvocationHelper.java:133)
	at org.testng.internal.TestInvoker.invokeMethod(TestInvoker.java:598)
	at org.testng.internal.TestInvoker.invokeTestMethod(TestInvoker.java:173)
	at org.testng.internal.MethodRunner.runInSequence(MethodRunner.java:46)
	at org.testng.internal.TestInvoker$MethodInvocationAgent.invoke(TestInvoker.java:824)
	at org.testng.internal.TestInvoker.invokeTestMethods(TestInvoker.java:146)
	at org.testng.internal.TestMethodWorker.invokeTestMethods(TestMethodWorker.java:146)
	at org.testng.internal.TestMethodWorker.run(TestMethodWorker.java:128)
	at java.base/java.util.ArrayList.forEach(ArrayList.java:1597)
	at org.testng.TestRunner.privateRun(TestRunner.java:794)
	at org.testng.TestRunner.run(TestRunner.java:596)
	at org.testng.SuiteRunner.runTest(SuiteRunner.java:377)
	at org.testng.SuiteRunner.runSequentially(SuiteRunner.java:371)
	at org.testng.SuiteRunner.privateRun(SuiteRunner.java:332)
	at org.testng.SuiteRunner.run(SuiteRunner.java:276)
	at org.testng.SuiteRunnerWorker.runSuite(SuiteRunnerWorker.java:53)
	at org.testng.SuiteRunnerWorker.run(SuiteRunnerWorker.java:96)
	at org.testng.TestNG.runSuitesSequentially(TestNG.java:1212)
	at org.testng.TestNG.runSuitesLocally(TestNG.java:1134)
	at org.testng.TestNG.runSuites(TestNG.java:1063)
	at org.testng.TestNG.run(TestNG.java:1031)
	at org.testng.remote.AbstractRemoteTestNG.run(AbstractRemoteTestNG.java:115)
	at org.testng.remote.RemoteTestNG.initAndRun(RemoteTestNG.java:293)
	at org.testng.remote.RemoteTestNG.main(RemoteTestNG.java:91)
</pre></div></td>
<td>21</td>
<td>test.CareersTabTest@6200f9cb</td></tr>
<tr>
<td title='test.BlogsAndInsightsTest.Validate_ContactUs_Button_Click_TC_003()'><b>Validate_ContactUs_Button_Click_TC_003</b><br>Test class: test.BlogsAndInsightsTest</td>
<td><div><pre>java.lang.AssertionError: expected [Contact Us - Pursuit Software] but found [Blogs &amp; Insights - Pursuit Software]
	at test.BlogsAndInsightsTest.Validate_ContactUs_Button_Click_TC_003(BlogsAndInsightsTest.java:39)
	at java.base/java.util.ArrayList.forEach(ArrayList.java:1597)
... Removed 31 stack frames</pre></div><a href='#' onClick='toggleBox("stack-trace1381764980", this, "Click to show all stack frames", "Click to hide stack frames")'>Click to show all stack frames</a>
<div class='stack-trace' id='stack-trace1381764980'><pre>java.lang.AssertionError: expected [Contact Us - Pursuit Software] but found [Blogs &amp; Insights - Pursuit Software]
	at org.testng.Assert.fail(Assert.java:99)
	at org.testng.Assert.failNotEquals(Assert.java:1037)
	at org.testng.Assert.assertEqualsImpl(Assert.java:140)
	at org.testng.Assert.assertEquals(Assert.java:122)
	at org.testng.Assert.assertEquals(Assert.java:629)
	at org.testng.Assert.assertEquals(Assert.java:639)
	at test.BlogsAndInsightsTest.Validate_ContactUs_Button_Click_TC_003(BlogsAndInsightsTest.java:39)
	at java.base/jdk.internal.reflect.DirectMethodHandleAccessor.invoke(DirectMethodHandleAccessor.java:103)
	at java.base/java.lang.reflect.Method.invoke(Method.java:580)
	at org.testng.internal.MethodInvocationHelper.invokeMethod(MethodInvocationHelper.java:133)
	at org.testng.internal.TestInvoker.invokeMethod(TestInvoker.java:598)
	at org.testng.internal.TestInvoker.retryFailed(TestInvoker.java:213)
	at org.testng.internal.MethodRunner.runInSequence(MethodRunner.java:58)
	at org.testng.internal.TestInvoker$MethodInvocationAgent.invoke(TestInvoker.java:824)
	at org.testng.internal.TestInvoker.invokeTestMethods(TestInvoker.java:146)
	at org.testng.internal.TestMethodWorker.invokeTestMethods(TestMethodWorker.java:146)
	at org.testng.internal.TestMethodWorker.run(TestMethodWorker.java:128)
	at java.base/java.util.ArrayList.forEach(ArrayList.java:1597)
	at org.testng.TestRunner.privateRun(TestRunner.java:794)
	at org.testng.TestRunner.run(TestRunner.java:596)
	at org.testng.SuiteRunner.runTest(SuiteRunner.java:377)
	at org.testng.SuiteRunner.runSequentially(SuiteRunner.java:371)
	at org.testng.SuiteRunner.privateRun(SuiteRunner.java:332)
	at org.testng.SuiteRunner.run(SuiteRunner.java:276)
	at org.testng.SuiteRunnerWorker.runSuite(SuiteRunnerWorker.java:53)
	at org.testng.SuiteRunnerWorker.run(SuiteRunnerWorker.java:96)
	at org.testng.TestNG.runSuitesSequentially(TestNG.java:1212)
	at org.testng.TestNG.runSuitesLocally(TestNG.java:1134)
	at org.testng.TestNG.runSuites(TestNG.java:1063)
	at org.testng.TestNG.run(TestNG.java:1031)
	at org.testng.remote.AbstractRemoteTestNG.run(AbstractRemoteTestNG.java:115)
	at org.testng.remote.RemoteTestNG.initAndRun(RemoteTestNG.java:293)
	at org.testng.remote.RemoteTestNG.main(RemoteTestNG.java:91)
</pre></div></td>
<td>4</td>
<td>test.BlogsAndInsightsTest@37ceb1df</td></tr>
<tr>
<td title='test.BlogsAndInsightsTest.Validate_ReadMoreAboutUs_Button_Click_TC_002()'><b>Validate_ReadMoreAboutUs_Button_Click_TC_002</b><br>Test class: test.BlogsAndInsightsTest</td>
<td><div><pre>java.lang.AssertionError: expected [About Us - Pursuit Software] but found [Blogs &amp; Insights - Pursuit Software]
	at test.BlogsAndInsightsTest.Validate_ReadMoreAboutUs_Button_Click_TC_002(BlogsAndInsightsTest.java:31)
	at java.base/java.util.ArrayList.forEach(ArrayList.java:1597)
... Removed 31 stack frames</pre></div><a href='#' onClick='toggleBox("stack-trace363172313", this, "Click to show all stack frames", "Click to hide stack frames")'>Click to show all stack frames</a>
<div class='stack-trace' id='stack-trace363172313'><pre>java.lang.AssertionError: expected [About Us - Pursuit Software] but found [Blogs &amp; Insights - Pursuit Software]
	at org.testng.Assert.fail(Assert.java:99)
	at org.testng.Assert.failNotEquals(Assert.java:1037)
	at org.testng.Assert.assertEqualsImpl(Assert.java:140)
	at org.testng.Assert.assertEquals(Assert.java:122)
	at org.testng.Assert.assertEquals(Assert.java:629)
	at org.testng.Assert.assertEquals(Assert.java:639)
	at test.BlogsAndInsightsTest.Validate_ReadMoreAboutUs_Button_Click_TC_002(BlogsAndInsightsTest.java:31)
	at java.base/jdk.internal.reflect.DirectMethodHandleAccessor.invoke(DirectMethodHandleAccessor.java:103)
	at java.base/java.lang.reflect.Method.invoke(Method.java:580)
	at org.testng.internal.MethodInvocationHelper.invokeMethod(MethodInvocationHelper.java:133)
	at org.testng.internal.TestInvoker.invokeMethod(TestInvoker.java:598)
	at org.testng.internal.TestInvoker.invokeTestMethod(TestInvoker.java:173)
	at org.testng.internal.MethodRunner.runInSequence(MethodRunner.java:46)
	at org.testng.internal.TestInvoker$MethodInvocationAgent.invoke(TestInvoker.java:824)
	at org.testng.internal.TestInvoker.invokeTestMethods(TestInvoker.java:146)
	at org.testng.internal.TestMethodWorker.invokeTestMethods(TestMethodWorker.java:146)
	at org.testng.internal.TestMethodWorker.run(TestMethodWorker.java:128)
	at java.base/java.util.ArrayList.forEach(ArrayList.java:1597)
	at org.testng.TestRunner.privateRun(TestRunner.java:794)
	at org.testng.TestRunner.run(TestRunner.java:596)
	at org.testng.SuiteRunner.runTest(SuiteRunner.java:377)
	at org.testng.SuiteRunner.runSequentially(SuiteRunner.java:371)
	at org.testng.SuiteRunner.privateRun(SuiteRunner.java:332)
	at org.testng.SuiteRunner.run(SuiteRunner.java:276)
	at org.testng.SuiteRunnerWorker.runSuite(SuiteRunnerWorker.java:53)
	at org.testng.SuiteRunnerWorker.run(SuiteRunnerWorker.java:96)
	at org.testng.TestNG.runSuitesSequentially(TestNG.java:1212)
	at org.testng.TestNG.runSuitesLocally(TestNG.java:1134)
	at org.testng.TestNG.runSuites(TestNG.java:1063)
	at org.testng.TestNG.run(TestNG.java:1031)
	at org.testng.remote.AbstractRemoteTestNG.run(AbstractRemoteTestNG.java:115)
	at org.testng.remote.RemoteTestNG.initAndRun(RemoteTestNG.java:293)
	at org.testng.remote.RemoteTestNG.main(RemoteTestNG.java:91)
</pre></div></td>
<td>4</td>
<td>test.BlogsAndInsightsTest@37ceb1df</td></tr>
<tr>
<td title='test.BlogsAndInsightsTest.Validate_ReadMoreAboutUs_Button_Click_TC_002()'><b>Validate_ReadMoreAboutUs_Button_Click_TC_002</b><br>Test class: test.BlogsAndInsightsTest</td>
<td><div><pre>java.lang.AssertionError: expected [About Us - Pursuit Software] but found [Blogs &amp; Insights - Pursuit Software]
	at test.BlogsAndInsightsTest.Validate_ReadMoreAboutUs_Button_Click_TC_002(BlogsAndInsightsTest.java:31)
	at java.base/java.util.ArrayList.forEach(ArrayList.java:1597)
... Removed 31 stack frames</pre></div><a href='#' onClick='toggleBox("stack-trace2104940330", this, "Click to show all stack frames", "Click to hide stack frames")'>Click to show all stack frames</a>
<div class='stack-trace' id='stack-trace2104940330'><pre>java.lang.AssertionError: expected [About Us - Pursuit Software] but found [Blogs &amp; Insights - Pursuit Software]
	at org.testng.Assert.fail(Assert.java:99)
	at org.testng.Assert.failNotEquals(Assert.java:1037)
	at org.testng.Assert.assertEqualsImpl(Assert.java:140)
	at org.testng.Assert.assertEquals(Assert.java:122)
	at org.testng.Assert.assertEquals(Assert.java:629)
	at org.testng.Assert.assertEquals(Assert.java:639)
	at test.BlogsAndInsightsTest.Validate_ReadMoreAboutUs_Button_Click_TC_002(BlogsAndInsightsTest.java:31)
	at java.base/jdk.internal.reflect.DirectMethodHandleAccessor.invoke(DirectMethodHandleAccessor.java:103)
	at java.base/java.lang.reflect.Method.invoke(Method.java:580)
	at org.testng.internal.MethodInvocationHelper.invokeMethod(MethodInvocationHelper.java:133)
	at org.testng.internal.TestInvoker.invokeMethod(TestInvoker.java:598)
	at org.testng.internal.TestInvoker.retryFailed(TestInvoker.java:213)
	at org.testng.internal.MethodRunner.runInSequence(MethodRunner.java:58)
	at org.testng.internal.TestInvoker$MethodInvocationAgent.invoke(TestInvoker.java:824)
	at org.testng.internal.TestInvoker.invokeTestMethods(TestInvoker.java:146)
	at org.testng.internal.TestMethodWorker.invokeTestMethods(TestMethodWorker.java:146)
	at org.testng.internal.TestMethodWorker.run(TestMethodWorker.java:128)
	at java.base/java.util.ArrayList.forEach(ArrayList.java:1597)
	at org.testng.TestRunner.privateRun(TestRunner.java:794)
	at org.testng.TestRunner.run(TestRunner.java:596)
	at org.testng.SuiteRunner.runTest(SuiteRunner.java:377)
	at org.testng.SuiteRunner.runSequentially(SuiteRunner.java:371)
	at org.testng.SuiteRunner.privateRun(SuiteRunner.java:332)
	at org.testng.SuiteRunner.run(SuiteRunner.java:276)
	at org.testng.SuiteRunnerWorker.runSuite(SuiteRunnerWorker.java:53)
	at org.testng.SuiteRunnerWorker.run(SuiteRunnerWorker.java:96)
	at org.testng.TestNG.runSuitesSequentially(TestNG.java:1212)
	at org.testng.TestNG.runSuitesLocally(TestNG.java:1134)
	at org.testng.TestNG.runSuites(TestNG.java:1063)
	at org.testng.TestNG.run(TestNG.java:1031)
	at org.testng.remote.AbstractRemoteTestNG.run(AbstractRemoteTestNG.java:115)
	at org.testng.remote.RemoteTestNG.initAndRun(RemoteTestNG.java:293)
	at org.testng.remote.RemoteTestNG.main(RemoteTestNG.java:91)
</pre></div></td>
<td>5</td>
<td>test.BlogsAndInsightsTest@37ceb1df</td></tr>
<tr>
<td title='test.BlogsAndInsightsTest.Validate_ContactUs_Button_Click_TC_003()'><b>Validate_ContactUs_Button_Click_TC_003</b><br>Test class: test.BlogsAndInsightsTest</td>
<td><div><pre>java.lang.AssertionError: expected [Contact Us - Pursuit Software] but found [Blogs &amp; Insights - Pursuit Software]
	at test.BlogsAndInsightsTest.Validate_ContactUs_Button_Click_TC_003(BlogsAndInsightsTest.java:39)
	at java.base/java.util.ArrayList.forEach(ArrayList.java:1597)
... Removed 31 stack frames</pre></div><a href='#' onClick='toggleBox("stack-trace656689800", this, "Click to show all stack frames", "Click to hide stack frames")'>Click to show all stack frames</a>
<div class='stack-trace' id='stack-trace656689800'><pre>java.lang.AssertionError: expected [Contact Us - Pursuit Software] but found [Blogs &amp; Insights - Pursuit Software]
	at org.testng.Assert.fail(Assert.java:99)
	at org.testng.Assert.failNotEquals(Assert.java:1037)
	at org.testng.Assert.assertEqualsImpl(Assert.java:140)
	at org.testng.Assert.assertEquals(Assert.java:122)
	at org.testng.Assert.assertEquals(Assert.java:629)
	at org.testng.Assert.assertEquals(Assert.java:639)
	at test.BlogsAndInsightsTest.Validate_ContactUs_Button_Click_TC_003(BlogsAndInsightsTest.java:39)
	at java.base/jdk.internal.reflect.DirectMethodHandleAccessor.invoke(DirectMethodHandleAccessor.java:103)
	at java.base/java.lang.reflect.Method.invoke(Method.java:580)
	at org.testng.internal.MethodInvocationHelper.invokeMethod(MethodInvocationHelper.java:133)
	at org.testng.internal.TestInvoker.invokeMethod(TestInvoker.java:598)
	at org.testng.internal.TestInvoker.invokeTestMethod(TestInvoker.java:173)
	at org.testng.internal.MethodRunner.runInSequence(MethodRunner.java:46)
	at org.testng.internal.TestInvoker$MethodInvocationAgent.invoke(TestInvoker.java:824)
	at org.testng.internal.TestInvoker.invokeTestMethods(TestInvoker.java:146)
	at org.testng.internal.TestMethodWorker.invokeTestMethods(TestMethodWorker.java:146)
	at org.testng.internal.TestMethodWorker.run(TestMethodWorker.java:128)
	at java.base/java.util.ArrayList.forEach(ArrayList.java:1597)
	at org.testng.TestRunner.privateRun(TestRunner.java:794)
	at org.testng.TestRunner.run(TestRunner.java:596)
	at org.testng.SuiteRunner.runTest(SuiteRunner.java:377)
	at org.testng.SuiteRunner.runSequentially(SuiteRunner.java:371)
	at org.testng.SuiteRunner.privateRun(SuiteRunner.java:332)
	at org.testng.SuiteRunner.run(SuiteRunner.java:276)
	at org.testng.SuiteRunnerWorker.runSuite(SuiteRunnerWorker.java:53)
	at org.testng.SuiteRunnerWorker.run(SuiteRunnerWorker.java:96)
	at org.testng.TestNG.runSuitesSequentially(TestNG.java:1212)
	at org.testng.TestNG.runSuitesLocally(TestNG.java:1134)
	at org.testng.TestNG.runSuites(TestNG.java:1063)
	at org.testng.TestNG.run(TestNG.java:1031)
	at org.testng.remote.AbstractRemoteTestNG.run(AbstractRemoteTestNG.java:115)
	at org.testng.remote.RemoteTestNG.initAndRun(RemoteTestNG.java:293)
	at org.testng.remote.RemoteTestNG.main(RemoteTestNG.java:91)
</pre></div></td>
<td>4</td>
<td>test.BlogsAndInsightsTest@37ceb1df</td></tr>
</table><p>
</body>
</html>